{"E:\\project2\\rubygym\\backend\\src\\index.js": {"path":"E:\\project2\\rubygym\\backend\\src\\index.js","statementMap":{"0":{"start":{"line":1,"column":16},"end":{"line":1,"column":34}},"1":{"start":{"line":2,"column":13},"end":{"line":2,"column":28}},"2":{"start":{"line":3,"column":0},"end":{"line":3,"column":27}},"3":{"start":{"line":5,"column":19},"end":{"line":5,"column":43}},"4":{"start":{"line":6,"column":22},"end":{"line":6,"column":50}},"5":{"start":{"line":7,"column":21},"end":{"line":7,"column":48}},"6":{"start":{"line":8,"column":23},"end":{"line":8,"column":51}},"7":{"start":{"line":9,"column":27},"end":{"line":9,"column":60}},"8":{"start":{"line":10,"column":25},"end":{"line":10,"column":56}},"9":{"start":{"line":11,"column":20},"end":{"line":11,"column":46}},"10":{"start":{"line":13,"column":12},"end":{"line":13,"column":21}},"11":{"start":{"line":15,"column":0},"end":{"line":15,"column":16}},"12":{"start":{"line":16,"column":0},"end":{"line":16,"column":24}},"13":{"start":{"line":19,"column":0},"end":{"line":21,"column":3}},"14":{"start":{"line":20,"column":2},"end":{"line":20,"column":53}},"15":{"start":{"line":23,"column":0},"end":{"line":23,"column":33}},"16":{"start":{"line":24,"column":0},"end":{"line":24,"column":40}},"17":{"start":{"line":25,"column":0},"end":{"line":25,"column":38}},"18":{"start":{"line":26,"column":0},"end":{"line":26,"column":41}},"19":{"start":{"line":27,"column":0},"end":{"line":27,"column":50}},"20":{"start":{"line":28,"column":0},"end":{"line":28,"column":46}},"21":{"start":{"line":29,"column":0},"end":{"line":29,"column":36}},"22":{"start":{"line":31,"column":0},"end":{"line":31,"column":21}}},"fnMap":{"0":{"name":"(anonymous_0)","decl":{"start":{"line":19,"column":23},"end":{"line":19,"column":24}},"loc":{"start":{"line":19,"column":37},"end":{"line":21,"column":1}},"line":19}},"branchMap":{},"s":{"0":5,"1":5,"2":5,"3":5,"4":5,"5":5,"6":5,"7":5,"8":5,"9":5,"10":5,"11":5,"12":5,"13":5,"14":1,"15":5,"16":5,"17":5,"18":5,"19":5,"20":5,"21":5,"22":5},"f":{"0":1},"b":{},"_coverageSchema":"1a1c01bbd47fc00a2c39e90264f33305004495a9","hash":"c69e239bd7d2d8b777466caa8596f26db3061fd8"}
,"E:\\project2\\rubygym\\backend\\src\\config\\database.js": {"path":"E:\\project2\\rubygym\\backend\\src\\config\\database.js","statementMap":{"0":{"start":{"line":1,"column":14},"end":{"line":1,"column":39}},"1":{"start":{"line":2,"column":0},"end":{"line":2,"column":27}},"2":{"start":{"line":4,"column":13},"end":{"line":12,"column":2}},"3":{"start":{"line":14,"column":0},"end":{"line":14,"column":22}}},"fnMap":{},"branchMap":{"0":{"loc":{"start":{"line":5,"column":8},"end":{"line":5,"column":42}},"type":"binary-expr","locations":[{"start":{"line":5,"column":8},"end":{"line":5,"column":27}},{"start":{"line":5,"column":31},"end":{"line":5,"column":42}}],"line":5},"1":{"loc":{"start":{"line":6,"column":8},"end":{"line":6,"column":35}},"type":"binary-expr","locations":[{"start":{"line":6,"column":8},"end":{"line":6,"column":27}},{"start":{"line":6,"column":31},"end":{"line":6,"column":35}}],"line":6},"2":{"loc":{"start":{"line":7,"column":8},"end":{"line":7,"column":37}},"type":"binary-expr","locations":[{"start":{"line":7,"column":8},"end":{"line":7,"column":27}},{"start":{"line":7,"column":31},"end":{"line":7,"column":37}}],"line":7},"3":{"loc":{"start":{"line":8,"column":12},"end":{"line":8,"column":51}},"type":"binary-expr","locations":[{"start":{"line":8,"column":12},"end":{"line":8,"column":35}},{"start":{"line":8,"column":39},"end":{"line":8,"column":51}}],"line":8},"4":{"loc":{"start":{"line":9,"column":12},"end":{"line":9,"column":44}},"type":"binary-expr","locations":[{"start":{"line":9,"column":12},"end":{"line":9,"column":31}},{"start":{"line":9,"column":35},"end":{"line":9,"column":44}}],"line":9}},"s":{"0":1,"1":1,"2":1,"3":1},"f":{},"b":{"0":[1,1],"1":[1,1],"2":[1,1],"3":[1,1],"4":[1,1]},"_coverageSchema":"1a1c01bbd47fc00a2c39e90264f33305004495a9","hash":"c2e68675f58720ad2ec18ffc6bddde28f2331a9d"}
,"E:\\project2\\rubygym\\backend\\src\\middlewares\\auth.js": {"path":"E:\\project2\\rubygym\\backend\\src\\middlewares\\auth.js","statementMap":{"0":{"start":{"line":1,"column":12},"end":{"line":1,"column":35}},"1":{"start":{"line":3,"column":21},"end":{"line":14,"column":1}},"2":{"start":{"line":4,"column":16},"end":{"line":4,"column":56}},"3":{"start":{"line":5,"column":2},"end":{"line":5,"column":74}},"4":{"start":{"line":5,"column":14},"end":{"line":5,"column":74}},"5":{"start":{"line":7,"column":2},"end":{"line":13,"column":3}},"6":{"start":{"line":8,"column":20},"end":{"line":8,"column":61}},"7":{"start":{"line":9,"column":4},"end":{"line":9,"column":23}},"8":{"start":{"line":10,"column":4},"end":{"line":10,"column":11}},"9":{"start":{"line":12,"column":4},"end":{"line":12,"column":60}},"10":{"start":{"line":16,"column":18},"end":{"line":23,"column":1}},"11":{"start":{"line":17,"column":2},"end":{"line":22,"column":4}},"12":{"start":{"line":18,"column":4},"end":{"line":20,"column":5}},"13":{"start":{"line":19,"column":6},"end":{"line":19,"column":62}},"14":{"start":{"line":21,"column":4},"end":{"line":21,"column":11}},"15":{"start":{"line":25,"column":0},"end":{"line":25,"column":45}}},"fnMap":{"0":{"name":"(anonymous_0)","decl":{"start":{"line":3,"column":21},"end":{"line":3,"column":22}},"loc":{"start":{"line":3,"column":41},"end":{"line":14,"column":1}},"line":3},"1":{"name":"(anonymous_1)","decl":{"start":{"line":16,"column":18},"end":{"line":16,"column":19}},"loc":{"start":{"line":16,"column":32},"end":{"line":23,"column":1}},"line":16},"2":{"name":"(anonymous_2)","decl":{"start":{"line":17,"column":9},"end":{"line":17,"column":10}},"loc":{"start":{"line":17,"column":29},"end":{"line":22,"column":3}},"line":17}},"branchMap":{"0":{"loc":{"start":{"line":5,"column":2},"end":{"line":5,"column":74}},"type":"if","locations":[{"start":{"line":5,"column":2},"end":{"line":5,"column":74}},{"start":{},"end":{}}],"line":5},"1":{"loc":{"start":{"line":18,"column":4},"end":{"line":20,"column":5}},"type":"if","locations":[{"start":{"line":18,"column":4},"end":{"line":20,"column":5}},{"start":{},"end":{}}],"line":18}},"s":{"0":5,"1":5,"2":15,"3":15,"4":3,"5":12,"6":12,"7":12,"8":12,"9":0,"10":5,"11":40,"12":2,"13":0,"14":2,"15":5},"f":{"0":15,"1":40,"2":2},"b":{"0":[3,12],"1":[0,2]},"_coverageSchema":"1a1c01bbd47fc00a2c39e90264f33305004495a9","hash":"7724e2072d73b28bfbea87ffb7f68b83e1efc584"}
,"E:\\project2\\rubygym\\backend\\src\\routes\\auth.js": {"path":"E:\\project2\\rubygym\\backend\\src\\routes\\auth.js","statementMap":{"0":{"start":{"line":1,"column":16},"end":{"line":1,"column":34}},"1":{"start":{"line":2,"column":15},"end":{"line":2,"column":31}},"2":{"start":{"line":3,"column":15},"end":{"line":3,"column":34}},"3":{"start":{"line":4,"column":12},"end":{"line":4,"column":35}},"4":{"start":{"line":5,"column":13},"end":{"line":5,"column":42}},"5":{"start":{"line":8,"column":0},"end":{"line":22,"column":3}},"6":{"start":{"line":9,"column":2},"end":{"line":21,"column":3}},"7":{"start":{"line":10,"column":56},"end":{"line":10,"column":64}},"8":{"start":{"line":11,"column":27},"end":{"line":11,"column":58}},"9":{"start":{"line":13,"column":21},"end":{"line":16,"column":5}},"10":{"start":{"line":18,"column":4},"end":{"line":18,"column":82}},"11":{"start":{"line":20,"column":4},"end":{"line":20,"column":49}},"12":{"start":{"line":25,"column":0},"end":{"line":46,"column":3}},"13":{"start":{"line":26,"column":2},"end":{"line":45,"column":3}},"14":{"start":{"line":27,"column":32},"end":{"line":27,"column":40}},"15":{"start":{"line":29,"column":19},"end":{"line":29,"column":85}},"16":{"start":{"line":30,"column":4},"end":{"line":30,"column":89}},"17":{"start":{"line":30,"column":27},"end":{"line":30,"column":89}},"18":{"start":{"line":32,"column":17},"end":{"line":32,"column":24}},"19":{"start":{"line":33,"column":18},"end":{"line":33,"column":68}},"20":{"start":{"line":34,"column":4},"end":{"line":34,"column":78}},"21":{"start":{"line":34,"column":16},"end":{"line":34,"column":78}},"22":{"start":{"line":36,"column":18},"end":{"line":40,"column":5}},"23":{"start":{"line":42,"column":4},"end":{"line":42,"column":83}},"24":{"start":{"line":44,"column":4},"end":{"line":44,"column":49}},"25":{"start":{"line":48,"column":0},"end":{"line":48,"column":24}}},"fnMap":{"0":{"name":"(anonymous_0)","decl":{"start":{"line":8,"column":25},"end":{"line":8,"column":26}},"loc":{"start":{"line":8,"column":45},"end":{"line":22,"column":1}},"line":8},"1":{"name":"(anonymous_1)","decl":{"start":{"line":25,"column":22},"end":{"line":25,"column":23}},"loc":{"start":{"line":25,"column":42},"end":{"line":46,"column":1}},"line":25}},"branchMap":{"0":{"loc":{"start":{"line":15,"column":48},"end":{"line":15,"column":64}},"type":"binary-expr","locations":[{"start":{"line":15,"column":48},"end":{"line":15,"column":52}},{"start":{"line":15,"column":56},"end":{"line":15,"column":64}}],"line":15},"1":{"loc":{"start":{"line":30,"column":4},"end":{"line":30,"column":89}},"type":"if","locations":[{"start":{"line":30,"column":4},"end":{"line":30,"column":89}},{"start":{},"end":{}}],"line":30},"2":{"loc":{"start":{"line":34,"column":4},"end":{"line":34,"column":78}},"type":"if","locations":[{"start":{"line":34,"column":4},"end":{"line":34,"column":78}},{"start":{},"end":{}}],"line":34}},"s":{"0":5,"1":5,"2":5,"3":5,"4":5,"5":5,"6":1,"7":1,"8":1,"9":1,"10":1,"11":0,"12":5,"13":3,"14":3,"15":3,"16":2,"17":1,"18":1,"19":1,"20":1,"21":0,"22":1,"23":1,"24":1,"25":5},"f":{"0":1,"1":3},"b":{"0":[1,1],"1":[1,1],"2":[0,1]},"_coverageSchema":"1a1c01bbd47fc00a2c39e90264f33305004495a9","hash":"f655a541799286154735421c782e8d404cb77722"}
,"E:\\project2\\rubygym\\backend\\src\\routes\\evaluations.js": {"path":"E:\\project2\\rubygym\\backend\\src\\routes\\evaluations.js","statementMap":{"0":{"start":{"line":1,"column":16},"end":{"line":1,"column":34}},"1":{"start":{"line":2,"column":15},"end":{"line":2,"column":31}},"2":{"start":{"line":3,"column":13},"end":{"line":3,"column":42}},"3":{"start":{"line":4,"column":25},"end":{"line":4,"column":55}},"4":{"start":{"line":6,"column":27},"end":{"line":9,"column":1}},"5":{"start":{"line":7,"column":17},"end":{"line":7,"column":90}},"6":{"start":{"line":8,"column":2},"end":{"line":8,"column":45}},"7":{"start":{"line":11,"column":26},"end":{"line":14,"column":1}},"8":{"start":{"line":12,"column":17},"end":{"line":12,"column":89}},"9":{"start":{"line":13,"column":2},"end":{"line":13,"column":45}},"10":{"start":{"line":16,"column":28},"end":{"line":37,"column":1}},"11":{"start":{"line":17,"column":2},"end":{"line":19,"column":3}},"12":{"start":{"line":18,"column":4},"end":{"line":18,"column":16}},"13":{"start":{"line":21,"column":17},"end":{"line":21,"column":121}},"14":{"start":{"line":22,"column":2},"end":{"line":24,"column":3}},"15":{"start":{"line":23,"column":4},"end":{"line":23,"column":17}},"16":{"start":{"line":26,"column":2},"end":{"line":29,"column":3}},"17":{"start":{"line":27,"column":22},"end":{"line":27,"column":59}},"18":{"start":{"line":28,"column":4},"end":{"line":28,"column":60}},"19":{"start":{"line":31,"column":2},"end":{"line":34,"column":3}},"20":{"start":{"line":32,"column":21},"end":{"line":32,"column":57}},"21":{"start":{"line":33,"column":4},"end":{"line":33,"column":58}},"22":{"start":{"line":36,"column":2},"end":{"line":36,"column":15}},"23":{"start":{"line":39,"column":33},"end":{"line":45,"column":1}},"24":{"start":{"line":40,"column":17},"end":{"line":43,"column":3}},"25":{"start":{"line":44,"column":2},"end":{"line":44,"column":25}},"26":{"start":{"line":48,"column":0},"end":{"line":76,"column":3}},"27":{"start":{"line":49,"column":2},"end":{"line":75,"column":3}},"28":{"start":{"line":50,"column":16},"end":{"line":57,"column":5}},"29":{"start":{"line":58,"column":19},"end":{"line":58,"column":21}},"30":{"start":{"line":60,"column":4},"end":{"line":68,"column":5}},"31":{"start":{"line":61,"column":24},"end":{"line":61,"column":61}},"32":{"start":{"line":62,"column":6},"end":{"line":62,"column":42}},"33":{"start":{"line":63,"column":6},"end":{"line":63,"column":29}},"34":{"start":{"line":64,"column":11},"end":{"line":68,"column":5}},"35":{"start":{"line":65,"column":23},"end":{"line":65,"column":59}},"36":{"start":{"line":66,"column":6},"end":{"line":66,"column":41}},"37":{"start":{"line":67,"column":6},"end":{"line":67,"column":28}},"38":{"start":{"line":70,"column":4},"end":{"line":70,"column":64}},"39":{"start":{"line":71,"column":19},"end":{"line":71,"column":52}},"40":{"start":{"line":72,"column":4},"end":{"line":72,"column":19}},"41":{"start":{"line":74,"column":4},"end":{"line":74,"column":49}},"42":{"start":{"line":79,"column":0},"end":{"line":104,"column":3}},"43":{"start":{"line":80,"column":2},"end":{"line":103,"column":3}},"44":{"start":{"line":81,"column":20},"end":{"line":81,"column":65}},"45":{"start":{"line":82,"column":4},"end":{"line":84,"column":5}},"46":{"start":{"line":83,"column":6},"end":{"line":83,"column":62}},"47":{"start":{"line":86,"column":19},"end":{"line":94,"column":23}},"48":{"start":{"line":96,"column":4},"end":{"line":98,"column":5}},"49":{"start":{"line":97,"column":6},"end":{"line":97,"column":69}},"50":{"start":{"line":100,"column":4},"end":{"line":100,"column":22}},"51":{"start":{"line":102,"column":4},"end":{"line":102,"column":49}},"52":{"start":{"line":107,"column":0},"end":{"line":145,"column":3}},"53":{"start":{"line":108,"column":2},"end":{"line":144,"column":3}},"54":{"start":{"line":109,"column":4},"end":{"line":111,"column":5}},"55":{"start":{"line":110,"column":6},"end":{"line":110,"column":62}},"56":{"start":{"line":122,"column":8},"end":{"line":122,"column":16}},"57":{"start":{"line":124,"column":25},"end":{"line":124,"column":35}},"58":{"start":{"line":125,"column":4},"end":{"line":127,"column":5}},"59":{"start":{"line":126,"column":6},"end":{"line":126,"column":61}},"60":{"start":{"line":129,"column":23},"end":{"line":129,"column":80}},"61":{"start":{"line":130,"column":4},"end":{"line":132,"column":5}},"62":{"start":{"line":131,"column":6},"end":{"line":131,"column":92}},"63":{"start":{"line":134,"column":21},"end":{"line":139,"column":5}},"64":{"start":{"line":141,"column":4},"end":{"line":141,"column":91}},"65":{"start":{"line":143,"column":4},"end":{"line":143,"column":49}},"66":{"start":{"line":148,"column":0},"end":{"line":195,"column":3}},"67":{"start":{"line":149,"column":2},"end":{"line":194,"column":3}},"68":{"start":{"line":150,"column":20},"end":{"line":150,"column":65}},"69":{"start":{"line":151,"column":4},"end":{"line":153,"column":5}},"70":{"start":{"line":152,"column":6},"end":{"line":152,"column":62}},"71":{"start":{"line":155,"column":19},"end":{"line":155,"column":104}},"72":{"start":{"line":156,"column":4},"end":{"line":158,"column":5}},"73":{"start":{"line":157,"column":6},"end":{"line":157,"column":69}},"74":{"start":{"line":160,"column":21},"end":{"line":160,"column":28}},"75":{"start":{"line":161,"column":20},"end":{"line":161,"column":62}},"76":{"start":{"line":163,"column":4},"end":{"line":165,"column":5}},"77":{"start":{"line":164,"column":6},"end":{"line":164,"column":56}},"78":{"start":{"line":167,"column":21},"end":{"line":167,"column":61}},"79":{"start":{"line":168,"column":23},"end":{"line":168,"column":74}},"80":{"start":{"line":169,"column":4},"end":{"line":171,"column":5}},"81":{"start":{"line":170,"column":6},"end":{"line":170,"column":92}},"82":{"start":{"line":173,"column":4},"end":{"line":189,"column":6}},"83":{"start":{"line":191,"column":4},"end":{"line":191,"column":48}},"84":{"start":{"line":193,"column":4},"end":{"line":193,"column":49}},"85":{"start":{"line":198,"column":0},"end":{"line":215,"column":3}},"86":{"start":{"line":199,"column":2},"end":{"line":214,"column":3}},"87":{"start":{"line":200,"column":20},"end":{"line":200,"column":65}},"88":{"start":{"line":201,"column":4},"end":{"line":203,"column":5}},"89":{"start":{"line":202,"column":6},"end":{"line":202,"column":62}},"90":{"start":{"line":205,"column":19},"end":{"line":205,"column":105}},"91":{"start":{"line":206,"column":4},"end":{"line":208,"column":5}},"92":{"start":{"line":207,"column":6},"end":{"line":207,"column":69}},"93":{"start":{"line":210,"column":4},"end":{"line":210,"column":88}},"94":{"start":{"line":211,"column":4},"end":{"line":211,"column":48}},"95":{"start":{"line":213,"column":4},"end":{"line":213,"column":49}},"96":{"start":{"line":217,"column":0},"end":{"line":217,"column":24}}},"fnMap":{"0":{"name":"(anonymous_0)","decl":{"start":{"line":6,"column":27},"end":{"line":6,"column":28}},"loc":{"start":{"line":6,"column":45},"end":{"line":9,"column":1}},"line":6},"1":{"name":"(anonymous_1)","decl":{"start":{"line":11,"column":26},"end":{"line":11,"column":27}},"loc":{"start":{"line":11,"column":44},"end":{"line":14,"column":1}},"line":11},"2":{"name":"(anonymous_2)","decl":{"start":{"line":16,"column":28},"end":{"line":16,"column":29}},"loc":{"start":{"line":16,"column":57},"end":{"line":37,"column":1}},"line":16},"3":{"name":"(anonymous_3)","decl":{"start":{"line":39,"column":33},"end":{"line":39,"column":34}},"loc":{"start":{"line":39,"column":64},"end":{"line":45,"column":1}},"line":39},"4":{"name":"(anonymous_4)","decl":{"start":{"line":48,"column":30},"end":{"line":48,"column":31}},"loc":{"start":{"line":48,"column":50},"end":{"line":76,"column":1}},"line":48},"5":{"name":"(anonymous_5)","decl":{"start":{"line":79,"column":33},"end":{"line":79,"column":34}},"loc":{"start":{"line":79,"column":53},"end":{"line":104,"column":1}},"line":79},"6":{"name":"(anonymous_6)","decl":{"start":{"line":107,"column":31},"end":{"line":107,"column":32}},"loc":{"start":{"line":107,"column":51},"end":{"line":145,"column":1}},"line":107},"7":{"name":"(anonymous_7)","decl":{"start":{"line":148,"column":33},"end":{"line":148,"column":34}},"loc":{"start":{"line":148,"column":53},"end":{"line":195,"column":1}},"line":148},"8":{"name":"(anonymous_8)","decl":{"start":{"line":198,"column":36},"end":{"line":198,"column":37}},"loc":{"start":{"line":198,"column":56},"end":{"line":215,"column":1}},"line":198}},"branchMap":{"0":{"loc":{"start":{"line":8,"column":9},"end":{"line":8,"column":44}},"type":"cond-expr","locations":[{"start":{"line":8,"column":27},"end":{"line":8,"column":37}},{"start":{"line":8,"column":40},"end":{"line":8,"column":44}}],"line":8},"1":{"loc":{"start":{"line":13,"column":9},"end":{"line":13,"column":44}},"type":"cond-expr","locations":[{"start":{"line":13,"column":27},"end":{"line":13,"column":37}},{"start":{"line":13,"column":40},"end":{"line":13,"column":44}}],"line":13},"2":{"loc":{"start":{"line":17,"column":2},"end":{"line":19,"column":3}},"type":"if","locations":[{"start":{"line":17,"column":2},"end":{"line":19,"column":3}},{"start":{},"end":{}}],"line":17},"3":{"loc":{"start":{"line":22,"column":2},"end":{"line":24,"column":3}},"type":"if","locations":[{"start":{"line":22,"column":2},"end":{"line":24,"column":3}},{"start":{},"end":{}}],"line":22},"4":{"loc":{"start":{"line":26,"column":2},"end":{"line":29,"column":3}},"type":"if","locations":[{"start":{"line":26,"column":2},"end":{"line":29,"column":3}},{"start":{},"end":{}}],"line":26},"5":{"loc":{"start":{"line":31,"column":2},"end":{"line":34,"column":3}},"type":"if","locations":[{"start":{"line":31,"column":2},"end":{"line":34,"column":3}},{"start":{},"end":{}}],"line":31},"6":{"loc":{"start":{"line":60,"column":4},"end":{"line":68,"column":5}},"type":"if","locations":[{"start":{"line":60,"column":4},"end":{"line":68,"column":5}},{"start":{"line":64,"column":11},"end":{"line":68,"column":5}}],"line":60},"7":{"loc":{"start":{"line":64,"column":11},"end":{"line":68,"column":5}},"type":"if","locations":[{"start":{"line":64,"column":11},"end":{"line":68,"column":5}},{"start":{},"end":{}}],"line":64},"8":{"loc":{"start":{"line":82,"column":4},"end":{"line":84,"column":5}},"type":"if","locations":[{"start":{"line":82,"column":4},"end":{"line":84,"column":5}},{"start":{},"end":{}}],"line":82},"9":{"loc":{"start":{"line":96,"column":4},"end":{"line":98,"column":5}},"type":"if","locations":[{"start":{"line":96,"column":4},"end":{"line":98,"column":5}},{"start":{},"end":{}}],"line":96},"10":{"loc":{"start":{"line":109,"column":4},"end":{"line":111,"column":5}},"type":"if","locations":[{"start":{"line":109,"column":4},"end":{"line":111,"column":5}},{"start":{},"end":{}}],"line":109},"11":{"loc":{"start":{"line":125,"column":4},"end":{"line":127,"column":5}},"type":"if","locations":[{"start":{"line":125,"column":4},"end":{"line":127,"column":5}},{"start":{},"end":{}}],"line":125},"12":{"loc":{"start":{"line":130,"column":4},"end":{"line":132,"column":5}},"type":"if","locations":[{"start":{"line":130,"column":4},"end":{"line":132,"column":5}},{"start":{},"end":{}}],"line":130},"13":{"loc":{"start":{"line":138,"column":100},"end":{"line":138,"column":113}},"type":"binary-expr","locations":[{"start":{"line":138,"column":100},"end":{"line":138,"column":105}},{"start":{"line":138,"column":109},"end":{"line":138,"column":113}}],"line":138},"14":{"loc":{"start":{"line":151,"column":4},"end":{"line":153,"column":5}},"type":"if","locations":[{"start":{"line":151,"column":4},"end":{"line":153,"column":5}},{"start":{},"end":{}}],"line":151},"15":{"loc":{"start":{"line":156,"column":4},"end":{"line":158,"column":5}},"type":"if","locations":[{"start":{"line":156,"column":4},"end":{"line":158,"column":5}},{"start":{},"end":{}}],"line":156},"16":{"loc":{"start":{"line":161,"column":20},"end":{"line":161,"column":62}},"type":"binary-expr","locations":[{"start":{"line":161,"column":20},"end":{"line":161,"column":39}},{"start":{"line":161,"column":43},"end":{"line":161,"column":62}}],"line":161},"17":{"loc":{"start":{"line":163,"column":4},"end":{"line":165,"column":5}},"type":"if","locations":[{"start":{"line":163,"column":4},"end":{"line":165,"column":5}},{"start":{},"end":{}}],"line":163},"18":{"loc":{"start":{"line":167,"column":21},"end":{"line":167,"column":61}},"type":"binary-expr","locations":[{"start":{"line":167,"column":21},"end":{"line":167,"column":39}},{"start":{"line":167,"column":43},"end":{"line":167,"column":61}}],"line":167},"19":{"loc":{"start":{"line":169,"column":4},"end":{"line":171,"column":5}},"type":"if","locations":[{"start":{"line":169,"column":4},"end":{"line":171,"column":5}},{"start":{},"end":{}}],"line":169},"20":{"loc":{"start":{"line":181,"column":8},"end":{"line":181,"column":50}},"type":"binary-expr","locations":[{"start":{"line":181,"column":8},"end":{"line":181,"column":27}},{"start":{"line":181,"column":31},"end":{"line":181,"column":50}}],"line":181},"21":{"loc":{"start":{"line":182,"column":8},"end":{"line":182,"column":94}},"type":"cond-expr","locations":[{"start":{"line":182,"column":47},"end":{"line":182,"column":69}},{"start":{"line":182,"column":72},"end":{"line":182,"column":94}}],"line":182},"22":{"loc":{"start":{"line":183,"column":8},"end":{"line":183,"column":94}},"type":"cond-expr","locations":[{"start":{"line":183,"column":47},"end":{"line":183,"column":69}},{"start":{"line":183,"column":72},"end":{"line":183,"column":94}}],"line":183},"23":{"loc":{"start":{"line":184,"column":8},"end":{"line":184,"column":85}},"type":"cond-expr","locations":[{"start":{"line":184,"column":44},"end":{"line":184,"column":63}},{"start":{"line":184,"column":66},"end":{"line":184,"column":85}}],"line":184},"24":{"loc":{"start":{"line":185,"column":8},"end":{"line":185,"column":85}},"type":"cond-expr","locations":[{"start":{"line":185,"column":44},"end":{"line":185,"column":63}},{"start":{"line":185,"column":66},"end":{"line":185,"column":85}}],"line":185},"25":{"loc":{"start":{"line":186,"column":8},"end":{"line":186,"column":70}},"type":"cond-expr","locations":[{"start":{"line":186,"column":39},"end":{"line":186,"column":53}},{"start":{"line":186,"column":56},"end":{"line":186,"column":70}}],"line":186},"26":{"loc":{"start":{"line":201,"column":4},"end":{"line":203,"column":5}},"type":"if","locations":[{"start":{"line":201,"column":4},"end":{"line":203,"column":5}},{"start":{},"end":{}}],"line":201},"27":{"loc":{"start":{"line":201,"column":8},"end":{"line":201,"column":46}},"type":"binary-expr","locations":[{"start":{"line":201,"column":8},"end":{"line":201,"column":16}},{"start":{"line":201,"column":20},"end":{"line":201,"column":46}}],"line":201},"28":{"loc":{"start":{"line":206,"column":4},"end":{"line":208,"column":5}},"type":"if","locations":[{"start":{"line":206,"column":4},"end":{"line":208,"column":5}},{"start":{},"end":{}}],"line":206}},"s":{"0":5,"1":5,"2":5,"3":5,"4":5,"5":0,"6":0,"7":5,"8":0,"9":0,"10":5,"11":0,"12":0,"13":0,"14":0,"15":0,"16":0,"17":0,"18":0,"19":0,"20":0,"21":0,"22":0,"23":5,"24":0,"25":0,"26":5,"27":0,"28":0,"29":0,"30":0,"31":0,"32":0,"33":0,"34":0,"35":0,"36":0,"37":0,"38":0,"39":0,"40":0,"41":0,"42":5,"43":0,"44":0,"45":0,"46":0,"47":0,"48":0,"49":0,"50":0,"51":0,"52":5,"53":0,"54":0,"55":0,"56":0,"57":0,"58":0,"59":0,"60":0,"61":0,"62":0,"63":0,"64":0,"65":0,"66":5,"67":0,"68":0,"69":0,"70":0,"71":0,"72":0,"73":0,"74":0,"75":0,"76":0,"77":0,"78":0,"79":0,"80":0,"81":0,"82":0,"83":0,"84":0,"85":5,"86":0,"87":0,"88":0,"89":0,"90":0,"91":0,"92":0,"93":0,"94":0,"95":0,"96":5},"f":{"0":0,"1":0,"2":0,"3":0,"4":0,"5":0,"6":0,"7":0,"8":0},"b":{"0":[0,0],"1":[0,0],"2":[0,0],"3":[0,0],"4":[0,0],"5":[0,0],"6":[0,0],"7":[0,0],"8":[0,0],"9":[0,0],"10":[0,0],"11":[0,0],"12":[0,0],"13":[0,0],"14":[0,0],"15":[0,0],"16":[0,0],"17":[0,0],"18":[0,0],"19":[0,0],"20":[0,0],"21":[0,0],"22":[0,0],"23":[0,0],"24":[0,0],"25":[0,0],"26":[0,0],"27":[0,0],"28":[0,0]},"_coverageSchema":"1a1c01bbd47fc00a2c39e90264f33305004495a9","hash":"f26705a88f88281dae60c37e2167d3db72dcc8fc"}
,"E:\\project2\\rubygym\\backend\\src\\routes\\events.js": {"path":"E:\\project2\\rubygym\\backend\\src\\routes\\events.js","statementMap":{"0":{"start":{"line":1,"column":16},"end":{"line":1,"column":34}},"1":{"start":{"line":2,"column":15},"end":{"line":2,"column":31}},"2":{"start":{"line":3,"column":13},"end":{"line":3,"column":42}},"3":{"start":{"line":4,"column":36},"end":{"line":4,"column":66}},"4":{"start":{"line":7,"column":0},"end":{"line":19,"column":3}},"5":{"start":{"line":8,"column":2},"end":{"line":18,"column":3}},"6":{"start":{"line":9,"column":19},"end":{"line":14,"column":6}},"7":{"start":{"line":15,"column":4},"end":{"line":15,"column":19}},"8":{"start":{"line":17,"column":4},"end":{"line":17,"column":49}},"9":{"start":{"line":22,"column":0},"end":{"line":39,"column":3}},"10":{"start":{"line":23,"column":2},"end":{"line":38,"column":3}},"11":{"start":{"line":24,"column":19},"end":{"line":29,"column":23}},"12":{"start":{"line":31,"column":4},"end":{"line":33,"column":5}},"13":{"start":{"line":32,"column":6},"end":{"line":32,"column":64}},"14":{"start":{"line":35,"column":4},"end":{"line":35,"column":22}},"15":{"start":{"line":37,"column":4},"end":{"line":37,"column":49}},"16":{"start":{"line":42,"column":0},"end":{"line":55,"column":3}},"17":{"start":{"line":43,"column":2},"end":{"line":54,"column":3}},"18":{"start":{"line":44,"column":47},"end":{"line":44,"column":55}},"19":{"start":{"line":46,"column":21},"end":{"line":49,"column":5}},"20":{"start":{"line":51,"column":4},"end":{"line":51,"column":81}},"21":{"start":{"line":53,"column":4},"end":{"line":53,"column":49}},"22":{"start":{"line":58,"column":0},"end":{"line":82,"column":3}},"23":{"start":{"line":59,"column":2},"end":{"line":81,"column":3}},"24":{"start":{"line":60,"column":19},"end":{"line":60,"column":91}},"25":{"start":{"line":61,"column":4},"end":{"line":63,"column":5}},"26":{"start":{"line":62,"column":6},"end":{"line":62,"column":64}},"27":{"start":{"line":65,"column":21},"end":{"line":65,"column":28}},"28":{"start":{"line":66,"column":47},"end":{"line":66,"column":55}},"29":{"start":{"line":68,"column":4},"end":{"line":76,"column":6}},"30":{"start":{"line":78,"column":4},"end":{"line":78,"column":43}},"31":{"start":{"line":80,"column":4},"end":{"line":80,"column":49}},"32":{"start":{"line":85,"column":0},"end":{"line":97,"column":3}},"33":{"start":{"line":86,"column":2},"end":{"line":96,"column":3}},"34":{"start":{"line":87,"column":19},"end":{"line":87,"column":92}},"35":{"start":{"line":88,"column":4},"end":{"line":90,"column":5}},"36":{"start":{"line":89,"column":6},"end":{"line":89,"column":64}},"37":{"start":{"line":92,"column":4},"end":{"line":92,"column":75}},"38":{"start":{"line":93,"column":4},"end":{"line":93,"column":43}},"39":{"start":{"line":95,"column":4},"end":{"line":95,"column":49}},"40":{"start":{"line":99,"column":0},"end":{"line":99,"column":24}}},"fnMap":{"0":{"name":"(anonymous_0)","decl":{"start":{"line":7,"column":16},"end":{"line":7,"column":17}},"loc":{"start":{"line":7,"column":36},"end":{"line":19,"column":1}},"line":7},"1":{"name":"(anonymous_1)","decl":{"start":{"line":22,"column":19},"end":{"line":22,"column":20}},"loc":{"start":{"line":22,"column":39},"end":{"line":39,"column":1}},"line":22},"2":{"name":"(anonymous_2)","decl":{"start":{"line":42,"column":51},"end":{"line":42,"column":52}},"loc":{"start":{"line":42,"column":71},"end":{"line":55,"column":1}},"line":42},"3":{"name":"(anonymous_3)","decl":{"start":{"line":58,"column":53},"end":{"line":58,"column":54}},"loc":{"start":{"line":58,"column":73},"end":{"line":82,"column":1}},"line":58},"4":{"name":"(anonymous_4)","decl":{"start":{"line":85,"column":56},"end":{"line":85,"column":57}},"loc":{"start":{"line":85,"column":76},"end":{"line":97,"column":1}},"line":85}},"branchMap":{"0":{"loc":{"start":{"line":31,"column":4},"end":{"line":33,"column":5}},"type":"if","locations":[{"start":{"line":31,"column":4},"end":{"line":33,"column":5}},{"start":{},"end":{}}],"line":31},"1":{"loc":{"start":{"line":48,"column":14},"end":{"line":48,"column":33}},"type":"binary-expr","locations":[{"start":{"line":48,"column":14},"end":{"line":48,"column":25}},{"start":{"line":48,"column":29},"end":{"line":48,"column":33}}],"line":48},"2":{"loc":{"start":{"line":48,"column":35},"end":{"line":48,"column":53}},"type":"binary-expr","locations":[{"start":{"line":48,"column":35},"end":{"line":48,"column":45}},{"start":{"line":48,"column":49},"end":{"line":48,"column":53}}],"line":48},"3":{"loc":{"start":{"line":61,"column":4},"end":{"line":63,"column":5}},"type":"if","locations":[{"start":{"line":61,"column":4},"end":{"line":63,"column":5}},{"start":{},"end":{}}],"line":61},"4":{"loc":{"start":{"line":71,"column":8},"end":{"line":71,"column":31}},"type":"binary-expr","locations":[{"start":{"line":71,"column":8},"end":{"line":71,"column":13}},{"start":{"line":71,"column":17},"end":{"line":71,"column":31}}],"line":71},"5":{"loc":{"start":{"line":72,"column":8},"end":{"line":72,"column":70}},"type":"cond-expr","locations":[{"start":{"line":72,"column":36},"end":{"line":72,"column":47}},{"start":{"line":72,"column":50},"end":{"line":72,"column":70}}],"line":72},"6":{"loc":{"start":{"line":73,"column":8},"end":{"line":73,"column":41}},"type":"binary-expr","locations":[{"start":{"line":73,"column":8},"end":{"line":73,"column":18}},{"start":{"line":73,"column":22},"end":{"line":73,"column":41}}],"line":73},"7":{"loc":{"start":{"line":88,"column":4},"end":{"line":90,"column":5}},"type":"if","locations":[{"start":{"line":88,"column":4},"end":{"line":90,"column":5}},{"start":{},"end":{}}],"line":88}},"s":{"0":5,"1":5,"2":5,"3":5,"4":5,"5":0,"6":0,"7":0,"8":0,"9":5,"10":0,"11":0,"12":0,"13":0,"14":0,"15":0,"16":5,"17":0,"18":0,"19":0,"20":0,"21":0,"22":5,"23":0,"24":0,"25":0,"26":0,"27":0,"28":0,"29":0,"30":0,"31":0,"32":5,"33":0,"34":0,"35":0,"36":0,"37":0,"38":0,"39":0,"40":5},"f":{"0":0,"1":0,"2":0,"3":0,"4":0},"b":{"0":[0,0],"1":[0,0],"2":[0,0],"3":[0,0],"4":[0,0],"5":[0,0],"6":[0,0],"7":[0,0]},"_coverageSchema":"1a1c01bbd47fc00a2c39e90264f33305004495a9","hash":"e9ac228f5cb30f03341d91b674c90ae5fbb97c98"}
,"E:\\project2\\rubygym\\backend\\src\\routes\\members.js": {"path":"E:\\project2\\rubygym\\backend\\src\\routes\\members.js","statementMap":{"0":{"start":{"line":1,"column":16},"end":{"line":1,"column":34}},"1":{"start":{"line":2,"column":15},"end":{"line":2,"column":34}},"2":{"start":{"line":3,"column":15},"end":{"line":3,"column":31}},"3":{"start":{"line":4,"column":13},"end":{"line":4,"column":42}},"4":{"start":{"line":5,"column":36},"end":{"line":5,"column":66}},"5":{"start":{"line":7,"column":27},"end":{"line":10,"column":1}},"6":{"start":{"line":8,"column":17},"end":{"line":8,"column":90}},"7":{"start":{"line":9,"column":2},"end":{"line":9,"column":45}},"8":{"start":{"line":12,"column":26},"end":{"line":15,"column":1}},"9":{"start":{"line":13,"column":17},"end":{"line":13,"column":89}},"10":{"start":{"line":14,"column":2},"end":{"line":14,"column":45}},"11":{"start":{"line":17,"column":24},"end":{"line":34,"column":1}},"12":{"start":{"line":18,"column":2},"end":{"line":20,"column":3}},"13":{"start":{"line":19,"column":4},"end":{"line":19,"column":16}},"14":{"start":{"line":22,"column":2},"end":{"line":25,"column":3}},"15":{"start":{"line":23,"column":24},"end":{"line":23,"column":60}},"16":{"start":{"line":24,"column":4},"end":{"line":24,"column":52}},"17":{"start":{"line":27,"column":2},"end":{"line":31,"column":3}},"18":{"start":{"line":28,"column":22},"end":{"line":28,"column":59}},"19":{"start":{"line":29,"column":19},"end":{"line":29,"column":118}},"20":{"start":{"line":30,"column":4},"end":{"line":30,"column":27}},"21":{"start":{"line":33,"column":2},"end":{"line":33,"column":15}},"22":{"start":{"line":37,"column":0},"end":{"line":52,"column":3}},"23":{"start":{"line":38,"column":2},"end":{"line":51,"column":3}},"24":{"start":{"line":39,"column":19},"end":{"line":47,"column":6}},"25":{"start":{"line":48,"column":4},"end":{"line":48,"column":19}},"26":{"start":{"line":50,"column":4},"end":{"line":50,"column":49}},"27":{"start":{"line":55,"column":0},"end":{"line":76,"column":3}},"28":{"start":{"line":56,"column":2},"end":{"line":75,"column":3}},"29":{"start":{"line":57,"column":20},"end":{"line":57,"column":61}},"30":{"start":{"line":58,"column":4},"end":{"line":60,"column":5}},"31":{"start":{"line":59,"column":6},"end":{"line":59,"column":62}},"32":{"start":{"line":62,"column":19},"end":{"line":69,"column":23}},"33":{"start":{"line":71,"column":4},"end":{"line":71,"column":86}},"34":{"start":{"line":71,"column":27},"end":{"line":71,"column":86}},"35":{"start":{"line":72,"column":4},"end":{"line":72,"column":22}},"36":{"start":{"line":74,"column":4},"end":{"line":74,"column":49}},"37":{"start":{"line":79,"column":0},"end":{"line":98,"column":3}},"38":{"start":{"line":80,"column":2},"end":{"line":97,"column":3}},"39":{"start":{"line":81,"column":96},"end":{"line":81,"column":104}},"40":{"start":{"line":82,"column":27},"end":{"line":82,"column":58}},"41":{"start":{"line":84,"column":25},"end":{"line":87,"column":5}},"42":{"start":{"line":89,"column":27},"end":{"line":92,"column":5}},"43":{"start":{"line":94,"column":4},"end":{"line":94,"column":89}},"44":{"start":{"line":96,"column":4},"end":{"line":96,"column":49}},"45":{"start":{"line":101,"column":0},"end":{"line":150,"column":3}},"46":{"start":{"line":102,"column":2},"end":{"line":149,"column":3}},"47":{"start":{"line":103,"column":20},"end":{"line":103,"column":61}},"48":{"start":{"line":104,"column":4},"end":{"line":106,"column":5}},"49":{"start":{"line":105,"column":6},"end":{"line":105,"column":62}},"50":{"start":{"line":108,"column":19},"end":{"line":114,"column":23}},"51":{"start":{"line":116,"column":4},"end":{"line":118,"column":5}},"52":{"start":{"line":117,"column":6},"end":{"line":117,"column":65}},"53":{"start":{"line":120,"column":21},"end":{"line":120,"column":28}},"54":{"start":{"line":121,"column":86},"end":{"line":121,"column":94}},"55":{"start":{"line":123,"column":4},"end":{"line":131,"column":6}},"56":{"start":{"line":133,"column":4},"end":{"line":144,"column":5}},"57":{"start":{"line":134,"column":6},"end":{"line":143,"column":8}},"58":{"start":{"line":146,"column":4},"end":{"line":146,"column":44}},"59":{"start":{"line":148,"column":4},"end":{"line":148,"column":49}},"60":{"start":{"line":153,"column":0},"end":{"line":173,"column":3}},"61":{"start":{"line":154,"column":2},"end":{"line":172,"column":3}},"62":{"start":{"line":155,"column":19},"end":{"line":155,"column":98}},"63":{"start":{"line":156,"column":4},"end":{"line":158,"column":5}},"64":{"start":{"line":157,"column":6},"end":{"line":157,"column":65}},"65":{"start":{"line":160,"column":19},"end":{"line":160,"column":34}},"66":{"start":{"line":162,"column":4},"end":{"line":162,"column":103}},"67":{"start":{"line":163,"column":4},"end":{"line":163,"column":91}},"68":{"start":{"line":164,"column":4},"end":{"line":164,"column":95}},"69":{"start":{"line":165,"column":4},"end":{"line":165,"column":89}},"70":{"start":{"line":166,"column":4},"end":{"line":166,"column":76}},"71":{"start":{"line":167,"column":4},"end":{"line":167,"column":67}},"72":{"start":{"line":169,"column":4},"end":{"line":169,"column":44}},"73":{"start":{"line":171,"column":4},"end":{"line":171,"column":49}},"74":{"start":{"line":175,"column":0},"end":{"line":175,"column":24}}},"fnMap":{"0":{"name":"(anonymous_0)","decl":{"start":{"line":7,"column":27},"end":{"line":7,"column":28}},"loc":{"start":{"line":7,"column":45},"end":{"line":10,"column":1}},"line":7},"1":{"name":"(anonymous_1)","decl":{"start":{"line":12,"column":26},"end":{"line":12,"column":27}},"loc":{"start":{"line":12,"column":44},"end":{"line":15,"column":1}},"line":12},"2":{"name":"(anonymous_2)","decl":{"start":{"line":17,"column":24},"end":{"line":17,"column":25}},"loc":{"start":{"line":17,"column":49},"end":{"line":34,"column":1}},"line":17},"3":{"name":"(anonymous_3)","decl":{"start":{"line":37,"column":50},"end":{"line":37,"column":51}},"loc":{"start":{"line":37,"column":70},"end":{"line":52,"column":1}},"line":37},"4":{"name":"(anonymous_4)","decl":{"start":{"line":55,"column":33},"end":{"line":55,"column":34}},"loc":{"start":{"line":55,"column":53},"end":{"line":76,"column":1}},"line":55},"5":{"name":"(anonymous_5)","decl":{"start":{"line":79,"column":51},"end":{"line":79,"column":52}},"loc":{"start":{"line":79,"column":71},"end":{"line":98,"column":1}},"line":79},"6":{"name":"(anonymous_6)","decl":{"start":{"line":101,"column":33},"end":{"line":101,"column":34}},"loc":{"start":{"line":101,"column":53},"end":{"line":150,"column":1}},"line":101},"7":{"name":"(anonymous_7)","decl":{"start":{"line":153,"column":56},"end":{"line":153,"column":57}},"loc":{"start":{"line":153,"column":76},"end":{"line":173,"column":1}},"line":153}},"branchMap":{"0":{"loc":{"start":{"line":9,"column":9},"end":{"line":9,"column":44}},"type":"cond-expr","locations":[{"start":{"line":9,"column":27},"end":{"line":9,"column":37}},{"start":{"line":9,"column":40},"end":{"line":9,"column":44}}],"line":9},"1":{"loc":{"start":{"line":14,"column":9},"end":{"line":14,"column":44}},"type":"cond-expr","locations":[{"start":{"line":14,"column":27},"end":{"line":14,"column":37}},{"start":{"line":14,"column":40},"end":{"line":14,"column":44}}],"line":14},"2":{"loc":{"start":{"line":18,"column":2},"end":{"line":20,"column":3}},"type":"if","locations":[{"start":{"line":18,"column":2},"end":{"line":20,"column":3}},{"start":{},"end":{}}],"line":18},"3":{"loc":{"start":{"line":22,"column":2},"end":{"line":25,"column":3}},"type":"if","locations":[{"start":{"line":22,"column":2},"end":{"line":25,"column":3}},{"start":{},"end":{}}],"line":22},"4":{"loc":{"start":{"line":27,"column":2},"end":{"line":31,"column":3}},"type":"if","locations":[{"start":{"line":27,"column":2},"end":{"line":31,"column":3}},{"start":{},"end":{}}],"line":27},"5":{"loc":{"start":{"line":58,"column":4},"end":{"line":60,"column":5}},"type":"if","locations":[{"start":{"line":58,"column":4},"end":{"line":60,"column":5}},{"start":{},"end":{}}],"line":58},"6":{"loc":{"start":{"line":71,"column":4},"end":{"line":71,"column":86}},"type":"if","locations":[{"start":{"line":71,"column":4},"end":{"line":71,"column":86}},{"start":{},"end":{}}],"line":71},"7":{"loc":{"start":{"line":91,"column":28},"end":{"line":91,"column":46}},"type":"binary-expr","locations":[{"start":{"line":91,"column":28},"end":{"line":91,"column":38}},{"start":{"line":91,"column":42},"end":{"line":91,"column":46}}],"line":91},"8":{"loc":{"start":{"line":91,"column":59},"end":{"line":91,"column":75}},"type":"cond-expr","locations":[{"start":{"line":91,"column":70},"end":{"line":91,"column":71}},{"start":{"line":91,"column":74},"end":{"line":91,"column":75}}],"line":91},"9":{"loc":{"start":{"line":91,"column":77},"end":{"line":91,"column":96}},"type":"binary-expr","locations":[{"start":{"line":91,"column":77},"end":{"line":91,"column":88}},{"start":{"line":91,"column":92},"end":{"line":91,"column":96}}],"line":91},"10":{"loc":{"start":{"line":104,"column":4},"end":{"line":106,"column":5}},"type":"if","locations":[{"start":{"line":104,"column":4},"end":{"line":106,"column":5}},{"start":{},"end":{}}],"line":104},"11":{"loc":{"start":{"line":116,"column":4},"end":{"line":118,"column":5}},"type":"if","locations":[{"start":{"line":116,"column":4},"end":{"line":118,"column":5}},{"start":{},"end":{}}],"line":116},"12":{"loc":{"start":{"line":126,"column":8},"end":{"line":126,"column":39}},"type":"binary-expr","locations":[{"start":{"line":126,"column":8},"end":{"line":126,"column":17}},{"start":{"line":126,"column":21},"end":{"line":126,"column":39}}],"line":126},"13":{"loc":{"start":{"line":127,"column":8},"end":{"line":127,"column":31}},"type":"binary-expr","locations":[{"start":{"line":127,"column":8},"end":{"line":127,"column":13}},{"start":{"line":127,"column":17},"end":{"line":127,"column":31}}],"line":127},"14":{"loc":{"start":{"line":128,"column":8},"end":{"line":128,"column":31}},"type":"binary-expr","locations":[{"start":{"line":128,"column":8},"end":{"line":128,"column":13}},{"start":{"line":128,"column":17},"end":{"line":128,"column":31}}],"line":128},"15":{"loc":{"start":{"line":133,"column":4},"end":{"line":144,"column":5}},"type":"if","locations":[{"start":{"line":133,"column":4},"end":{"line":144,"column":5}},{"start":{},"end":{}}],"line":133},"16":{"loc":{"start":{"line":137,"column":10},"end":{"line":137,"column":69}},"type":"cond-expr","locations":[{"start":{"line":137,"column":37},"end":{"line":137,"column":47}},{"start":{"line":137,"column":50},"end":{"line":137,"column":69}}],"line":137},"17":{"loc":{"start":{"line":138,"column":10},"end":{"line":138,"column":41}},"type":"binary-expr","locations":[{"start":{"line":138,"column":10},"end":{"line":138,"column":19}},{"start":{"line":138,"column":23},"end":{"line":138,"column":41}}],"line":138},"18":{"loc":{"start":{"line":139,"column":10},"end":{"line":139,"column":73}},"type":"cond-expr","locations":[{"start":{"line":139,"column":36},"end":{"line":139,"column":52}},{"start":{"line":139,"column":56},"end":{"line":139,"column":73}}],"line":139},"19":{"loc":{"start":{"line":139,"column":36},"end":{"line":139,"column":52}},"type":"cond-expr","locations":[{"start":{"line":139,"column":47},"end":{"line":139,"column":48}},{"start":{"line":139,"column":51},"end":{"line":139,"column":52}}],"line":139},"20":{"loc":{"start":{"line":140,"column":10},"end":{"line":140,"column":72}},"type":"cond-expr","locations":[{"start":{"line":140,"column":38},"end":{"line":140,"column":49}},{"start":{"line":140,"column":52},"end":{"line":140,"column":72}}],"line":140},"21":{"loc":{"start":{"line":156,"column":4},"end":{"line":158,"column":5}},"type":"if","locations":[{"start":{"line":156,"column":4},"end":{"line":158,"column":5}},{"start":{},"end":{}}],"line":156}},"s":{"0":5,"1":5,"2":5,"3":5,"4":5,"5":5,"6":0,"7":0,"8":5,"9":0,"10":0,"11":5,"12":0,"13":0,"14":0,"15":0,"16":0,"17":0,"18":0,"19":0,"20":0,"21":0,"22":5,"23":0,"24":0,"25":0,"26":0,"27":5,"28":0,"29":0,"30":0,"31":0,"32":0,"33":0,"34":0,"35":0,"36":0,"37":5,"38":0,"39":0,"40":0,"41":0,"42":0,"43":0,"44":0,"45":5,"46":0,"47":0,"48":0,"49":0,"50":0,"51":0,"52":0,"53":0,"54":0,"55":0,"56":0,"57":0,"58":0,"59":0,"60":5,"61":0,"62":0,"63":0,"64":0,"65":0,"66":0,"67":0,"68":0,"69":0,"70":0,"71":0,"72":0,"73":0,"74":5},"f":{"0":0,"1":0,"2":0,"3":0,"4":0,"5":0,"6":0,"7":0},"b":{"0":[0,0],"1":[0,0],"2":[0,0],"3":[0,0],"4":[0,0],"5":[0,0],"6":[0,0],"7":[0,0],"8":[0,0],"9":[0,0],"10":[0,0],"11":[0,0],"12":[0,0],"13":[0,0],"14":[0,0],"15":[0,0],"16":[0,0],"17":[0,0],"18":[0,0],"19":[0,0],"20":[0,0],"21":[0,0]},"_coverageSchema":"1a1c01bbd47fc00a2c39e90264f33305004495a9","hash":"ef99f59eb516e2db46e97430e0004a3b279ba7b7"}
,"E:\\project2\\rubygym\\backend\\src\\routes\\schedule.js": {"path":"E:\\project2\\rubygym\\backend\\src\\routes\\schedule.js","statementMap":{"0":{"start":{"line":1,"column":16},"end":{"line":1,"column":34}},"1":{"start":{"line":2,"column":15},"end":{"line":2,"column":31}},"2":{"start":{"line":3,"column":13},"end":{"line":3,"column":42}},"3":{"start":{"line":4,"column":25},"end":{"line":4,"column":55}},"4":{"start":{"line":6,"column":22},"end":{"line":6,"column":28}},"5":{"start":{"line":7,"column":20},"end":{"line":7,"column":32}},"6":{"start":{"line":8,"column":24},"end":{"line":8,"column":36}},"7":{"start":{"line":9,"column":22},"end":{"line":9,"column":29}},"8":{"start":{"line":11,"column":18},"end":{"line":14,"column":1}},"9":{"start":{"line":12,"column":27},"end":{"line":12,"column":62}},"10":{"start":{"line":13,"column":2},"end":{"line":13,"column":32}},"11":{"start":{"line":16,"column":27},"end":{"line":16,"column":92}},"12":{"start":{"line":16,"column":51},"end":{"line":16,"column":92}},"13":{"start":{"line":18,"column":31},"end":{"line":26,"column":1}},"14":{"start":{"line":19,"column":16},"end":{"line":19,"column":36}},"15":{"start":{"line":20,"column":14},"end":{"line":20,"column":32}},"16":{"start":{"line":22,"column":23},"end":{"line":22,"column":67}},"17":{"start":{"line":23,"column":25},"end":{"line":23,"column":73}},"18":{"start":{"line":25,"column":2},"end":{"line":25,"column":40}},"19":{"start":{"line":28,"column":27},"end":{"line":31,"column":1}},"20":{"start":{"line":29,"column":17},"end":{"line":29,"column":90}},"21":{"start":{"line":30,"column":2},"end":{"line":30,"column":45}},"22":{"start":{"line":33,"column":26},"end":{"line":36,"column":1}},"23":{"start":{"line":34,"column":17},"end":{"line":34,"column":101}},"24":{"start":{"line":35,"column":2},"end":{"line":35,"column":42}},"25":{"start":{"line":38,"column":25},"end":{"line":49,"column":1}},"26":{"start":{"line":39,"column":2},"end":{"line":41,"column":3}},"27":{"start":{"line":40,"column":4},"end":{"line":40,"column":16}},"28":{"start":{"line":43,"column":2},"end":{"line":46,"column":3}},"29":{"start":{"line":44,"column":25},"end":{"line":44,"column":62}},"30":{"start":{"line":45,"column":4},"end":{"line":45,"column":54}},"31":{"start":{"line":48,"column":2},"end":{"line":48,"column":15}},"32":{"start":{"line":51,"column":24},"end":{"line":68,"column":1}},"33":{"start":{"line":52,"column":2},"end":{"line":54,"column":3}},"34":{"start":{"line":53,"column":4},"end":{"line":53,"column":16}},"35":{"start":{"line":56,"column":2},"end":{"line":59,"column":3}},"36":{"start":{"line":57,"column":22},"end":{"line":57,"column":58}},"37":{"start":{"line":58,"column":4},"end":{"line":58,"column":66}},"38":{"start":{"line":61,"column":2},"end":{"line":65,"column":3}},"39":{"start":{"line":62,"column":22},"end":{"line":62,"column":59}},"40":{"start":{"line":63,"column":19},"end":{"line":63,"column":118}},"41":{"start":{"line":64,"column":4},"end":{"line":64,"column":27}},"42":{"start":{"line":67,"column":2},"end":{"line":67,"column":15}},"43":{"start":{"line":70,"column":29},"end":{"line":135,"column":1}},"44":{"start":{"line":71,"column":2},"end":{"line":73,"column":3}},"45":{"start":{"line":72,"column":4},"end":{"line":72,"column":45}},"46":{"start":{"line":75,"column":26},"end":{"line":75,"column":66}},"47":{"start":{"line":76,"column":2},"end":{"line":78,"column":3}},"48":{"start":{"line":77,"column":4},"end":{"line":77,"column":47}},"49":{"start":{"line":80,"column":2},"end":{"line":82,"column":3}},"50":{"start":{"line":81,"column":4},"end":{"line":81,"column":52}},"51":{"start":{"line":84,"column":2},"end":{"line":86,"column":3}},"52":{"start":{"line":85,"column":4},"end":{"line":85,"column":52}},"53":{"start":{"line":88,"column":2},"end":{"line":90,"column":3}},"54":{"start":{"line":89,"column":4},"end":{"line":89,"column":50}},"55":{"start":{"line":92,"column":28},"end":{"line":96,"column":48}},"56":{"start":{"line":98,"column":2},"end":{"line":100,"column":3}},"57":{"start":{"line":99,"column":4},"end":{"line":99,"column":55}},"58":{"start":{"line":102,"column":2},"end":{"line":132,"column":3}},"59":{"start":{"line":103,"column":25},"end":{"line":103,"column":61}},"60":{"start":{"line":103,"column":46},"end":{"line":103,"column":49}},"61":{"start":{"line":105,"column":25},"end":{"line":108,"column":5}},"62":{"start":{"line":110,"column":4},"end":{"line":112,"column":5}},"63":{"start":{"line":111,"column":6},"end":{"line":111,"column":45}},"64":{"start":{"line":114,"column":26},"end":{"line":114,"column":103}},"65":{"start":{"line":114,"column":54},"end":{"line":114,"column":102}},"66":{"start":{"line":115,"column":4},"end":{"line":117,"column":5}},"67":{"start":{"line":116,"column":6},"end":{"line":116,"column":58}},"68":{"start":{"line":119,"column":27},"end":{"line":125,"column":53}},"69":{"start":{"line":127,"column":27},"end":{"line":127,"column":114}},"70":{"start":{"line":127,"column":61},"end":{"line":127,"column":112}},"71":{"start":{"line":128,"column":29},"end":{"line":128,"column":108}},"72":{"start":{"line":128,"column":59},"end":{"line":128,"column":107}},"73":{"start":{"line":129,"column":4},"end":{"line":131,"column":5}},"74":{"start":{"line":130,"column":6},"end":{"line":130,"column":58}},"75":{"start":{"line":134,"column":2},"end":{"line":134,"column":14}},"76":{"start":{"line":137,"column":30},"end":{"line":148,"column":1}},"77":{"start":{"line":138,"column":2},"end":{"line":138,"column":86}},"78":{"start":{"line":140,"column":2},"end":{"line":147,"column":3}},"79":{"start":{"line":141,"column":4},"end":{"line":146,"column":5}},"80":{"start":{"line":142,"column":6},"end":{"line":145,"column":8}},"81":{"start":{"line":151,"column":0},"end":{"line":172,"column":3}},"82":{"start":{"line":152,"column":2},"end":{"line":171,"column":3}},"83":{"start":{"line":153,"column":20},"end":{"line":153,"column":69}},"84":{"start":{"line":154,"column":4},"end":{"line":156,"column":5}},"85":{"start":{"line":155,"column":6},"end":{"line":155,"column":62}},"86":{"start":{"line":158,"column":19},"end":{"line":167,"column":30}},"87":{"start":{"line":168,"column":4},"end":{"line":168,"column":19}},"88":{"start":{"line":170,"column":4},"end":{"line":170,"column":49}},"89":{"start":{"line":175,"column":0},"end":{"line":196,"column":3}},"90":{"start":{"line":176,"column":2},"end":{"line":195,"column":3}},"91":{"start":{"line":177,"column":20},"end":{"line":177,"column":67}},"92":{"start":{"line":178,"column":4},"end":{"line":180,"column":5}},"93":{"start":{"line":179,"column":6},"end":{"line":179,"column":62}},"94":{"start":{"line":182,"column":19},"end":{"line":190,"column":29}},"95":{"start":{"line":192,"column":4},"end":{"line":192,"column":19}},"96":{"start":{"line":194,"column":4},"end":{"line":194,"column":49}},"97":{"start":{"line":199,"column":0},"end":{"line":235,"column":3}},"98":{"start":{"line":200,"column":2},"end":{"line":234,"column":3}},"99":{"start":{"line":201,"column":19},"end":{"line":207,"column":23}},"100":{"start":{"line":209,"column":4},"end":{"line":211,"column":5}},"101":{"start":{"line":210,"column":6},"end":{"line":210,"column":66}},"102":{"start":{"line":213,"column":20},"end":{"line":213,"column":67}},"103":{"start":{"line":214,"column":24},"end":{"line":214,"column":29}},"104":{"start":{"line":216,"column":4},"end":{"line":222,"column":5}},"105":{"start":{"line":217,"column":24},"end":{"line":217,"column":60}},"106":{"start":{"line":218,"column":6},"end":{"line":221,"column":7}},"107":{"start":{"line":219,"column":26},"end":{"line":219,"column":93}},"108":{"start":{"line":220,"column":8},"end":{"line":220,"column":65}},"109":{"start":{"line":224,"column":4},"end":{"line":226,"column":5}},"110":{"start":{"line":225,"column":6},"end":{"line":225,"column":62}},"111":{"start":{"line":228,"column":4},"end":{"line":231,"column":7}},"112":{"start":{"line":233,"column":4},"end":{"line":233,"column":49}},"113":{"start":{"line":238,"column":0},"end":{"line":276,"column":3}},"114":{"start":{"line":239,"column":2},"end":{"line":275,"column":3}},"115":{"start":{"line":240,"column":80},"end":{"line":240,"column":88}},"116":{"start":{"line":242,"column":4},"end":{"line":244,"column":5}},"117":{"start":{"line":243,"column":6},"end":{"line":243,"column":62}},"118":{"start":{"line":246,"column":4},"end":{"line":251,"column":5}},"119":{"start":{"line":247,"column":27},"end":{"line":247,"column":64}},"120":{"start":{"line":248,"column":6},"end":{"line":250,"column":7}},"121":{"start":{"line":249,"column":8},"end":{"line":249,"column":64}},"122":{"start":{"line":253,"column":28},"end":{"line":259,"column":6}},"123":{"start":{"line":261,"column":4},"end":{"line":263,"column":5}},"124":{"start":{"line":262,"column":6},"end":{"line":262,"column":62}},"125":{"start":{"line":265,"column":21},"end":{"line":268,"column":5}},"126":{"start":{"line":270,"column":4},"end":{"line":270,"column":61}},"127":{"start":{"line":272,"column":4},"end":{"line":272,"column":85}},"128":{"start":{"line":274,"column":4},"end":{"line":274,"column":49}},"129":{"start":{"line":279,"column":0},"end":{"line":328,"column":3}},"130":{"start":{"line":280,"column":2},"end":{"line":327,"column":3}},"131":{"start":{"line":281,"column":27},"end":{"line":281,"column":110}},"132":{"start":{"line":282,"column":4},"end":{"line":284,"column":5}},"133":{"start":{"line":283,"column":6},"end":{"line":283,"column":66}},"134":{"start":{"line":286,"column":21},"end":{"line":286,"column":36}},"135":{"start":{"line":287,"column":20},"end":{"line":287,"column":68}},"136":{"start":{"line":289,"column":4},"end":{"line":291,"column":5}},"137":{"start":{"line":290,"column":6},"end":{"line":290,"column":62}},"138":{"start":{"line":299,"column":8},"end":{"line":299,"column":16}},"139":{"start":{"line":301,"column":25},"end":{"line":301,"column":122}},"140":{"start":{"line":302,"column":27},"end":{"line":302,"column":106}},"141":{"start":{"line":302,"column":92},"end":{"line":302,"column":105}},"142":{"start":{"line":304,"column":28},"end":{"line":311,"column":6}},"143":{"start":{"line":313,"column":4},"end":{"line":315,"column":5}},"144":{"start":{"line":314,"column":6},"end":{"line":314,"column":62}},"145":{"start":{"line":317,"column":4},"end":{"line":320,"column":6}},"146":{"start":{"line":322,"column":4},"end":{"line":322,"column":63}},"147":{"start":{"line":324,"column":4},"end":{"line":324,"column":45}},"148":{"start":{"line":326,"column":4},"end":{"line":326,"column":49}},"149":{"start":{"line":331,"column":0},"end":{"line":350,"column":3}},"150":{"start":{"line":332,"column":2},"end":{"line":349,"column":3}},"151":{"start":{"line":333,"column":19},"end":{"line":333,"column":111}},"152":{"start":{"line":334,"column":4},"end":{"line":336,"column":5}},"153":{"start":{"line":335,"column":6},"end":{"line":335,"column":66}},"154":{"start":{"line":338,"column":20},"end":{"line":338,"column":67}},"155":{"start":{"line":339,"column":4},"end":{"line":341,"column":5}},"156":{"start":{"line":340,"column":6},"end":{"line":340,"column":62}},"157":{"start":{"line":343,"column":4},"end":{"line":343,"column":92}},"158":{"start":{"line":344,"column":4},"end":{"line":344,"column":86}},"159":{"start":{"line":346,"column":4},"end":{"line":346,"column":45}},"160":{"start":{"line":348,"column":4},"end":{"line":348,"column":49}},"161":{"start":{"line":352,"column":0},"end":{"line":352,"column":24}}},"fnMap":{"0":{"name":"(anonymous_0)","decl":{"start":{"line":11,"column":18},"end":{"line":11,"column":19}},"loc":{"start":{"line":11,"column":28},"end":{"line":14,"column":1}},"line":11},"1":{"name":"(anonymous_1)","decl":{"start":{"line":16,"column":27},"end":{"line":16,"column":28}},"loc":{"start":{"line":16,"column":51},"end":{"line":16,"column":92}},"line":16},"2":{"name":"(anonymous_2)","decl":{"start":{"line":18,"column":31},"end":{"line":18,"column":32}},"loc":{"start":{"line":18,"column":55},"end":{"line":26,"column":1}},"line":18},"3":{"name":"(anonymous_3)","decl":{"start":{"line":28,"column":27},"end":{"line":28,"column":28}},"loc":{"start":{"line":28,"column":45},"end":{"line":31,"column":1}},"line":28},"4":{"name":"(anonymous_4)","decl":{"start":{"line":33,"column":26},"end":{"line":33,"column":27}},"loc":{"start":{"line":33,"column":44},"end":{"line":36,"column":1}},"line":33},"5":{"name":"(anonymous_5)","decl":{"start":{"line":38,"column":25},"end":{"line":38,"column":26}},"loc":{"start":{"line":38,"column":51},"end":{"line":49,"column":1}},"line":38},"6":{"name":"(anonymous_6)","decl":{"start":{"line":51,"column":24},"end":{"line":51,"column":25}},"loc":{"start":{"line":51,"column":49},"end":{"line":68,"column":1}},"line":51},"7":{"name":"(anonymous_7)","decl":{"start":{"line":70,"column":29},"end":{"line":70,"column":30}},"loc":{"start":{"line":70,"column":114},"end":{"line":135,"column":1}},"line":70},"8":{"name":"(anonymous_8)","decl":{"start":{"line":103,"column":40},"end":{"line":103,"column":41}},"loc":{"start":{"line":103,"column":46},"end":{"line":103,"column":49}},"line":103},"9":{"name":"(anonymous_9)","decl":{"start":{"line":114,"column":42},"end":{"line":114,"column":43}},"loc":{"start":{"line":114,"column":54},"end":{"line":114,"column":102}},"line":114},"10":{"name":"(anonymous_10)","decl":{"start":{"line":127,"column":52},"end":{"line":127,"column":53}},"loc":{"start":{"line":127,"column":61},"end":{"line":127,"column":112}},"line":127},"11":{"name":"(anonymous_11)","decl":{"start":{"line":128,"column":45},"end":{"line":128,"column":46}},"loc":{"start":{"line":128,"column":59},"end":{"line":128,"column":107}},"line":128},"12":{"name":"(anonymous_12)","decl":{"start":{"line":137,"column":30},"end":{"line":137,"column":31}},"loc":{"start":{"line":137,"column":62},"end":{"line":148,"column":1}},"line":137},"13":{"name":"(anonymous_13)","decl":{"start":{"line":151,"column":48},"end":{"line":151,"column":49}},"loc":{"start":{"line":151,"column":68},"end":{"line":172,"column":1}},"line":151},"14":{"name":"(anonymous_14)","decl":{"start":{"line":175,"column":46},"end":{"line":175,"column":47}},"loc":{"start":{"line":175,"column":66},"end":{"line":196,"column":1}},"line":175},"15":{"name":"(anonymous_15)","decl":{"start":{"line":199,"column":33},"end":{"line":199,"column":34}},"loc":{"start":{"line":199,"column":53},"end":{"line":235,"column":1}},"line":199},"16":{"name":"(anonymous_16)","decl":{"start":{"line":238,"column":31},"end":{"line":238,"column":32}},"loc":{"start":{"line":238,"column":51},"end":{"line":276,"column":1}},"line":238},"17":{"name":"(anonymous_17)","decl":{"start":{"line":279,"column":33},"end":{"line":279,"column":34}},"loc":{"start":{"line":279,"column":53},"end":{"line":328,"column":1}},"line":279},"18":{"name":"(anonymous_18)","decl":{"start":{"line":302,"column":83},"end":{"line":302,"column":84}},"loc":{"start":{"line":302,"column":92},"end":{"line":302,"column":105}},"line":302},"19":{"name":"(anonymous_19)","decl":{"start":{"line":331,"column":36},"end":{"line":331,"column":37}},"loc":{"start":{"line":331,"column":56},"end":{"line":350,"column":1}},"line":331}},"branchMap":{"0":{"loc":{"start":{"line":22,"column":23},"end":{"line":22,"column":67}},"type":"binary-expr","locations":[{"start":{"line":22,"column":23},"end":{"line":22,"column":45}},{"start":{"line":22,"column":49},"end":{"line":22,"column":67}}],"line":22},"1":{"loc":{"start":{"line":23,"column":25},"end":{"line":23,"column":73}},"type":"binary-expr","locations":[{"start":{"line":23,"column":25},"end":{"line":23,"column":49}},{"start":{"line":23,"column":53},"end":{"line":23,"column":73}}],"line":23},"2":{"loc":{"start":{"line":25,"column":9},"end":{"line":25,"column":39}},"type":"binary-expr","locations":[{"start":{"line":25,"column":9},"end":{"line":25,"column":21}},{"start":{"line":25,"column":25},"end":{"line":25,"column":39}}],"line":25},"3":{"loc":{"start":{"line":30,"column":9},"end":{"line":30,"column":44}},"type":"cond-expr","locations":[{"start":{"line":30,"column":27},"end":{"line":30,"column":37}},{"start":{"line":30,"column":40},"end":{"line":30,"column":44}}],"line":30},"4":{"loc":{"start":{"line":35,"column":9},"end":{"line":35,"column":41}},"type":"cond-expr","locations":[{"start":{"line":35,"column":27},"end":{"line":35,"column":34}},{"start":{"line":35,"column":37},"end":{"line":35,"column":41}}],"line":35},"5":{"loc":{"start":{"line":39,"column":2},"end":{"line":41,"column":3}},"type":"if","locations":[{"start":{"line":39,"column":2},"end":{"line":41,"column":3}},{"start":{},"end":{}}],"line":39},"6":{"loc":{"start":{"line":43,"column":2},"end":{"line":46,"column":3}},"type":"if","locations":[{"start":{"line":43,"column":2},"end":{"line":46,"column":3}},{"start":{},"end":{}}],"line":43},"7":{"loc":{"start":{"line":52,"column":2},"end":{"line":54,"column":3}},"type":"if","locations":[{"start":{"line":52,"column":2},"end":{"line":54,"column":3}},{"start":{},"end":{}}],"line":52},"8":{"loc":{"start":{"line":56,"column":2},"end":{"line":59,"column":3}},"type":"if","locations":[{"start":{"line":56,"column":2},"end":{"line":59,"column":3}},{"start":{},"end":{}}],"line":56},"9":{"loc":{"start":{"line":58,"column":11},"end":{"line":58,"column":65}},"type":"binary-expr","locations":[{"start":{"line":58,"column":11},"end":{"line":58,"column":20}},{"start":{"line":58,"column":24},"end":{"line":58,"column":65}}],"line":58},"10":{"loc":{"start":{"line":61,"column":2},"end":{"line":65,"column":3}},"type":"if","locations":[{"start":{"line":61,"column":2},"end":{"line":65,"column":3}},{"start":{},"end":{}}],"line":61},"11":{"loc":{"start":{"line":71,"column":2},"end":{"line":73,"column":3}},"type":"if","locations":[{"start":{"line":71,"column":2},"end":{"line":73,"column":3}},{"start":{},"end":{}}],"line":71},"12":{"loc":{"start":{"line":71,"column":6},"end":{"line":71,"column":62}},"type":"binary-expr","locations":[{"start":{"line":71,"column":6},"end":{"line":71,"column":17}},{"start":{"line":71,"column":21},"end":{"line":71,"column":34}},{"start":{"line":71,"column":38},"end":{"line":71,"column":49}},{"start":{"line":71,"column":53},"end":{"line":71,"column":62}}],"line":71},"13":{"loc":{"start":{"line":76,"column":2},"end":{"line":78,"column":3}},"type":"if","locations":[{"start":{"line":76,"column":2},"end":{"line":78,"column":3}},{"start":{},"end":{}}],"line":76},"14":{"loc":{"start":{"line":80,"column":2},"end":{"line":82,"column":3}},"type":"if","locations":[{"start":{"line":80,"column":2},"end":{"line":82,"column":3}},{"start":{},"end":{}}],"line":80},"15":{"loc":{"start":{"line":84,"column":2},"end":{"line":86,"column":3}},"type":"if","locations":[{"start":{"line":84,"column":2},"end":{"line":86,"column":3}},{"start":{},"end":{}}],"line":84},"16":{"loc":{"start":{"line":88,"column":2},"end":{"line":90,"column":3}},"type":"if","locations":[{"start":{"line":88,"column":2},"end":{"line":90,"column":3}},{"start":{},"end":{}}],"line":88},"17":{"loc":{"start":{"line":88,"column":6},"end":{"line":88,"column":41}},"type":"binary-expr","locations":[{"start":{"line":88,"column":6},"end":{"line":88,"column":16}},{"start":{"line":88,"column":20},"end":{"line":88,"column":41}}],"line":88},"18":{"loc":{"start":{"line":96,"column":32},"end":{"line":96,"column":46}},"type":"binary-expr","locations":[{"start":{"line":96,"column":32},"end":{"line":96,"column":41}},{"start":{"line":96,"column":45},"end":{"line":96,"column":46}}],"line":96},"19":{"loc":{"start":{"line":98,"column":2},"end":{"line":100,"column":3}},"type":"if","locations":[{"start":{"line":98,"column":2},"end":{"line":100,"column":3}},{"start":{},"end":{}}],"line":98},"20":{"loc":{"start":{"line":102,"column":2},"end":{"line":132,"column":3}},"type":"if","locations":[{"start":{"line":102,"column":2},"end":{"line":132,"column":3}},{"start":{},"end":{}}],"line":102},"21":{"loc":{"start":{"line":102,"column":6},"end":{"line":102,"column":41}},"type":"binary-expr","locations":[{"start":{"line":102,"column":6},"end":{"line":102,"column":16}},{"start":{"line":102,"column":20},"end":{"line":102,"column":41}}],"line":102},"22":{"loc":{"start":{"line":110,"column":4},"end":{"line":112,"column":5}},"type":"if","locations":[{"start":{"line":110,"column":4},"end":{"line":112,"column":5}},{"start":{},"end":{}}],"line":110},"23":{"loc":{"start":{"line":115,"column":4},"end":{"line":117,"column":5}},"type":"if","locations":[{"start":{"line":115,"column":4},"end":{"line":117,"column":5}},{"start":{},"end":{}}],"line":115},"24":{"loc":{"start":{"line":125,"column":22},"end":{"line":125,"column":36}},"type":"binary-expr","locations":[{"start":{"line":125,"column":22},"end":{"line":125,"column":31}},{"start":{"line":125,"column":35},"end":{"line":125,"column":36}}],"line":125},"25":{"loc":{"start":{"line":128,"column":60},"end":{"line":128,"column":101}},"type":"binary-expr","locations":[{"start":{"line":128,"column":60},"end":{"line":128,"column":96}},{"start":{"line":128,"column":100},"end":{"line":128,"column":101}}],"line":128},"26":{"loc":{"start":{"line":129,"column":4},"end":{"line":131,"column":5}},"type":"if","locations":[{"start":{"line":129,"column":4},"end":{"line":131,"column":5}},{"start":{},"end":{}}],"line":129},"27":{"loc":{"start":{"line":140,"column":2},"end":{"line":147,"column":3}},"type":"if","locations":[{"start":{"line":140,"column":2},"end":{"line":147,"column":3}},{"start":{},"end":{}}],"line":140},"28":{"loc":{"start":{"line":140,"column":6},"end":{"line":140,"column":39}},"type":"binary-expr","locations":[{"start":{"line":140,"column":6},"end":{"line":140,"column":15}},{"start":{"line":140,"column":19},"end":{"line":140,"column":39}}],"line":140},"29":{"loc":{"start":{"line":154,"column":4},"end":{"line":156,"column":5}},"type":"if","locations":[{"start":{"line":154,"column":4},"end":{"line":156,"column":5}},{"start":{},"end":{}}],"line":154},"30":{"loc":{"start":{"line":178,"column":4},"end":{"line":180,"column":5}},"type":"if","locations":[{"start":{"line":178,"column":4},"end":{"line":180,"column":5}},{"start":{},"end":{}}],"line":178},"31":{"loc":{"start":{"line":209,"column":4},"end":{"line":211,"column":5}},"type":"if","locations":[{"start":{"line":209,"column":4},"end":{"line":211,"column":5}},{"start":{},"end":{}}],"line":209},"32":{"loc":{"start":{"line":216,"column":4},"end":{"line":222,"column":5}},"type":"if","locations":[{"start":{"line":216,"column":4},"end":{"line":222,"column":5}},{"start":{},"end":{}}],"line":216},"33":{"loc":{"start":{"line":218,"column":6},"end":{"line":221,"column":7}},"type":"if","locations":[{"start":{"line":218,"column":6},"end":{"line":221,"column":7}},{"start":{},"end":{}}],"line":218},"34":{"loc":{"start":{"line":218,"column":10},"end":{"line":218,"column":49}},"type":"binary-expr","locations":[{"start":{"line":218,"column":10},"end":{"line":218,"column":36}},{"start":{"line":218,"column":40},"end":{"line":218,"column":49}}],"line":218},"35":{"loc":{"start":{"line":219,"column":26},"end":{"line":219,"column":93}},"type":"cond-expr","locations":[{"start":{"line":219,"column":47},"end":{"line":219,"column":88}},{"start":{"line":219,"column":91},"end":{"line":219,"column":93}}],"line":219},"36":{"loc":{"start":{"line":224,"column":4},"end":{"line":226,"column":5}},"type":"if","locations":[{"start":{"line":224,"column":4},"end":{"line":226,"column":5}},{"start":{},"end":{}}],"line":224},"37":{"loc":{"start":{"line":224,"column":8},"end":{"line":224,"column":34}},"type":"binary-expr","locations":[{"start":{"line":224,"column":8},"end":{"line":224,"column":16}},{"start":{"line":224,"column":20},"end":{"line":224,"column":34}}],"line":224},"38":{"loc":{"start":{"line":230,"column":18},"end":{"line":230,"column":85}},"type":"cond-expr","locations":[{"start":{"line":230,"column":39},"end":{"line":230,"column":80}},{"start":{"line":230,"column":83},"end":{"line":230,"column":85}}],"line":230},"39":{"loc":{"start":{"line":240,"column":60},"end":{"line":240,"column":75}},"type":"default-arg","locations":[{"start":{"line":240,"column":73},"end":{"line":240,"column":75}}],"line":240},"40":{"loc":{"start":{"line":242,"column":4},"end":{"line":244,"column":5}},"type":"if","locations":[{"start":{"line":242,"column":4},"end":{"line":244,"column":5}},{"start":{},"end":{}}],"line":242},"41":{"loc":{"start":{"line":246,"column":4},"end":{"line":251,"column":5}},"type":"if","locations":[{"start":{"line":246,"column":4},"end":{"line":251,"column":5}},{"start":{},"end":{}}],"line":246},"42":{"loc":{"start":{"line":248,"column":6},"end":{"line":250,"column":7}},"type":"if","locations":[{"start":{"line":248,"column":6},"end":{"line":250,"column":7}},{"start":{},"end":{}}],"line":248},"43":{"loc":{"start":{"line":261,"column":4},"end":{"line":263,"column":5}},"type":"if","locations":[{"start":{"line":261,"column":4},"end":{"line":263,"column":5}},{"start":{},"end":{}}],"line":261},"44":{"loc":{"start":{"line":282,"column":4},"end":{"line":284,"column":5}},"type":"if","locations":[{"start":{"line":282,"column":4},"end":{"line":284,"column":5}},{"start":{},"end":{}}],"line":282},"45":{"loc":{"start":{"line":289,"column":4},"end":{"line":291,"column":5}},"type":"if","locations":[{"start":{"line":289,"column":4},"end":{"line":291,"column":5}},{"start":{},"end":{}}],"line":289},"46":{"loc":{"start":{"line":294,"column":6},"end":{"line":294,"column":38}},"type":"default-arg","locations":[{"start":{"line":294,"column":19},"end":{"line":294,"column":38}}],"line":294},"47":{"loc":{"start":{"line":295,"column":6},"end":{"line":295,"column":42}},"type":"default-arg","locations":[{"start":{"line":295,"column":21},"end":{"line":295,"column":42}}],"line":295},"48":{"loc":{"start":{"line":296,"column":6},"end":{"line":296,"column":38}},"type":"default-arg","locations":[{"start":{"line":296,"column":19},"end":{"line":296,"column":38}}],"line":296},"49":{"loc":{"start":{"line":297,"column":6},"end":{"line":297,"column":34}},"type":"default-arg","locations":[{"start":{"line":297,"column":17},"end":{"line":297,"column":34}}],"line":297},"50":{"loc":{"start":{"line":298,"column":6},"end":{"line":298,"column":23}},"type":"default-arg","locations":[{"start":{"line":298,"column":19},"end":{"line":298,"column":23}}],"line":298},"51":{"loc":{"start":{"line":302,"column":27},"end":{"line":302,"column":106}},"type":"cond-expr","locations":[{"start":{"line":302,"column":55},"end":{"line":302,"column":65}},{"start":{"line":302,"column":68},"end":{"line":302,"column":106}}],"line":302},"52":{"loc":{"start":{"line":313,"column":4},"end":{"line":315,"column":5}},"type":"if","locations":[{"start":{"line":313,"column":4},"end":{"line":315,"column":5}},{"start":{},"end":{}}],"line":313},"53":{"loc":{"start":{"line":334,"column":4},"end":{"line":336,"column":5}},"type":"if","locations":[{"start":{"line":334,"column":4},"end":{"line":336,"column":5}},{"start":{},"end":{}}],"line":334},"54":{"loc":{"start":{"line":339,"column":4},"end":{"line":341,"column":5}},"type":"if","locations":[{"start":{"line":339,"column":4},"end":{"line":341,"column":5}},{"start":{},"end":{}}],"line":339}},"s":{"0":5,"1":5,"2":5,"3":5,"4":5,"5":5,"6":5,"7":5,"8":5,"9":18,"10":18,"11":5,"12":5,"13":5,"14":4,"15":4,"16":4,"17":4,"18":4,"19":5,"20":5,"21":5,"22":5,"23":0,"24":0,"25":5,"26":0,"27":0,"28":0,"29":0,"30":0,"31":0,"32":5,"33":0,"34":0,"35":0,"36":0,"37":0,"38":0,"39":0,"40":0,"41":0,"42":0,"43":5,"44":5,"45":0,"46":5,"47":5,"48":0,"49":5,"50":1,"51":4,"52":1,"53":3,"54":1,"55":2,"56":2,"57":1,"58":1,"59":1,"60":2,"61":1,"62":1,"63":0,"64":1,"65":2,"66":1,"67":0,"68":1,"69":1,"70":2,"71":1,"72":2,"73":1,"74":0,"75":1,"76":5,"77":1,"78":1,"79":1,"80":2,"81":5,"82":0,"83":0,"84":0,"85":0,"86":0,"87":0,"88":0,"89":5,"90":0,"91":0,"92":0,"93":0,"94":0,"95":0,"96":0,"97":5,"98":0,"99":0,"100":0,"101":0,"102":0,"103":0,"104":0,"105":0,"106":0,"107":0,"108":0,"109":0,"110":0,"111":0,"112":0,"113":5,"114":5,"115":5,"116":5,"117":0,"118":5,"119":5,"120":5,"121":0,"122":5,"123":5,"124":4,"125":1,"126":1,"127":1,"128":0,"129":5,"130":0,"131":0,"132":0,"133":0,"134":0,"135":0,"136":0,"137":0,"138":0,"139":0,"140":0,"141":0,"142":0,"143":0,"144":0,"145":0,"146":0,"147":0,"148":0,"149":5,"150":0,"151":0,"152":0,"153":0,"154":0,"155":0,"156":0,"157":0,"158":0,"159":0,"160":0,"161":5},"f":{"0":18,"1":5,"2":4,"3":5,"4":0,"5":0,"6":0,"7":5,"8":2,"9":2,"10":2,"11":2,"12":1,"13":0,"14":0,"15":0,"16":5,"17":0,"18":0,"19":0},"b":{"0":[4,4],"1":[4,2],"2":[4,3],"3":[5,0],"4":[0,0],"5":[0,0],"6":[0,0],"7":[0,0],"8":[0,0],"9":[0,0],"10":[0,0],"11":[0,5],"12":[5,5,5,5],"13":[0,5],"14":[1,4],"15":[1,3],"16":[1,2],"17":[3,3],"18":[2,2],"19":[1,1],"20":[1,0],"21":[1,1],"22":[0,1],"23":[0,1],"24":[1,1],"25":[2,0],"26":[0,1],"27":[1,0],"28":[1,1],"29":[0,0],"30":[0,0],"31":[0,0],"32":[0,0],"33":[0,0],"34":[0,0],"35":[0,0],"36":[0,0],"37":[0,0],"38":[0,0],"39":[0],"40":[0,5],"41":[5,0],"42":[0,5],"43":[4,1],"44":[0,0],"45":[0,0],"46":[0],"47":[0],"48":[0],"49":[0],"50":[0],"51":[0,0],"52":[0,0],"53":[0,0],"54":[0,0]},"_coverageSchema":"1a1c01bbd47fc00a2c39e90264f33305004495a9","hash":"6eb1ff334c9c19b6021b02bdcaaf53b6803babb1"}
,"E:\\project2\\rubygym\\backend\\src\\routes\\subscriptions.js": {"path":"E:\\project2\\rubygym\\backend\\src\\routes\\subscriptions.js","statementMap":{"0":{"start":{"line":1,"column":16},"end":{"line":1,"column":34}},"1":{"start":{"line":2,"column":15},"end":{"line":2,"column":31}},"2":{"start":{"line":3,"column":13},"end":{"line":3,"column":42}},"3":{"start":{"line":4,"column":25},"end":{"line":4,"column":55}},"4":{"start":{"line":6,"column":20},"end":{"line":10,"column":1}},"5":{"start":{"line":12,"column":18},"end":{"line":22,"column":1}},"6":{"start":{"line":13,"column":15},"end":{"line":13,"column":35}},"7":{"start":{"line":14,"column":14},"end":{"line":14,"column":28}},"8":{"start":{"line":15,"column":2},"end":{"line":15,"column":42}},"9":{"start":{"line":17,"column":2},"end":{"line":19,"column":3}},"10":{"start":{"line":18,"column":4},"end":{"line":18,"column":20}},"11":{"start":{"line":21,"column":2},"end":{"line":21,"column":42}},"12":{"start":{"line":24,"column":27},"end":{"line":27,"column":1}},"13":{"start":{"line":25,"column":17},"end":{"line":25,"column":90}},"14":{"start":{"line":26,"column":2},"end":{"line":26,"column":45}},"15":{"start":{"line":29,"column":26},"end":{"line":32,"column":1}},"16":{"start":{"line":30,"column":17},"end":{"line":30,"column":89}},"17":{"start":{"line":31,"column":2},"end":{"line":31,"column":45}},"18":{"start":{"line":34,"column":30},"end":{"line":56,"column":1}},"19":{"start":{"line":35,"column":2},"end":{"line":37,"column":3}},"20":{"start":{"line":36,"column":4},"end":{"line":36,"column":16}},"21":{"start":{"line":39,"column":17},"end":{"line":39,"column":105}},"22":{"start":{"line":40,"column":2},"end":{"line":42,"column":3}},"23":{"start":{"line":41,"column":4},"end":{"line":41,"column":17}},"24":{"start":{"line":44,"column":2},"end":{"line":47,"column":3}},"25":{"start":{"line":45,"column":21},"end":{"line":45,"column":57}},"26":{"start":{"line":46,"column":4},"end":{"line":46,"column":58}},"27":{"start":{"line":49,"column":2},"end":{"line":53,"column":3}},"28":{"start":{"line":50,"column":22},"end":{"line":50,"column":59}},"29":{"start":{"line":51,"column":25},"end":{"line":51,"column":133}},"30":{"start":{"line":52,"column":4},"end":{"line":52,"column":33}},"31":{"start":{"line":55,"column":2},"end":{"line":55,"column":15}},"32":{"start":{"line":58,"column":28},"end":{"line":100,"column":1}},"33":{"start":{"line":59,"column":23},"end":{"line":62,"column":3}},"34":{"start":{"line":64,"column":2},"end":{"line":66,"column":3}},"35":{"start":{"line":65,"column":4},"end":{"line":65,"column":40}},"36":{"start":{"line":68,"column":17},"end":{"line":68,"column":30}},"37":{"start":{"line":69,"column":16},"end":{"line":69,"column":35}},"38":{"start":{"line":70,"column":25},"end":{"line":70,"column":44}},"39":{"start":{"line":71,"column":2},"end":{"line":71,"column":63}},"40":{"start":{"line":73,"column":18},"end":{"line":73,"column":90}},"41":{"start":{"line":74,"column":2},"end":{"line":76,"column":3}},"42":{"start":{"line":75,"column":4},"end":{"line":75,"column":83}},"43":{"start":{"line":78,"column":25},"end":{"line":81,"column":3}},"44":{"start":{"line":83,"column":25},"end":{"line":83,"column":69}},"45":{"start":{"line":84,"column":27},"end":{"line":84,"column":42}},"46":{"start":{"line":85,"column":22},"end":{"line":85,"column":86}},"47":{"start":{"line":87,"column":2},"end":{"line":89,"column":3}},"48":{"start":{"line":88,"column":4},"end":{"line":88,"column":41}},"49":{"start":{"line":91,"column":16},"end":{"line":91,"column":54}},"50":{"start":{"line":93,"column":2},"end":{"line":99,"column":4}},"51":{"start":{"line":103,"column":0},"end":{"line":129,"column":3}},"52":{"start":{"line":104,"column":2},"end":{"line":128,"column":3}},"53":{"start":{"line":105,"column":16},"end":{"line":110,"column":5}},"54":{"start":{"line":111,"column":19},"end":{"line":111,"column":21}},"55":{"start":{"line":113,"column":4},"end":{"line":121,"column":5}},"56":{"start":{"line":114,"column":23},"end":{"line":114,"column":59}},"57":{"start":{"line":115,"column":6},"end":{"line":115,"column":40}},"58":{"start":{"line":116,"column":6},"end":{"line":116,"column":28}},"59":{"start":{"line":117,"column":11},"end":{"line":121,"column":5}},"60":{"start":{"line":118,"column":24},"end":{"line":118,"column":61}},"61":{"start":{"line":119,"column":6},"end":{"line":119,"column":41}},"62":{"start":{"line":120,"column":6},"end":{"line":120,"column":29}},"63":{"start":{"line":123,"column":4},"end":{"line":123,"column":43}},"64":{"start":{"line":124,"column":19},"end":{"line":124,"column":52}},"65":{"start":{"line":125,"column":4},"end":{"line":125,"column":19}},"66":{"start":{"line":127,"column":4},"end":{"line":127,"column":49}},"67":{"start":{"line":132,"column":0},"end":{"line":155,"column":3}},"68":{"start":{"line":133,"column":2},"end":{"line":154,"column":3}},"69":{"start":{"line":134,"column":20},"end":{"line":134,"column":67}},"70":{"start":{"line":135,"column":4},"end":{"line":137,"column":5}},"71":{"start":{"line":136,"column":6},"end":{"line":136,"column":62}},"72":{"start":{"line":139,"column":19},"end":{"line":145,"column":23}},"73":{"start":{"line":147,"column":4},"end":{"line":149,"column":5}},"74":{"start":{"line":148,"column":6},"end":{"line":148,"column":71}},"75":{"start":{"line":151,"column":4},"end":{"line":151,"column":22}},"76":{"start":{"line":153,"column":4},"end":{"line":153,"column":49}},"77":{"start":{"line":158,"column":0},"end":{"line":202,"column":3}},"78":{"start":{"line":159,"column":2},"end":{"line":201,"column":3}},"79":{"start":{"line":160,"column":49},"end":{"line":160,"column":57}},"80":{"start":{"line":162,"column":4},"end":{"line":164,"column":5}},"81":{"start":{"line":163,"column":6},"end":{"line":163,"column":62}},"82":{"start":{"line":166,"column":4},"end":{"line":171,"column":5}},"83":{"start":{"line":167,"column":26},"end":{"line":167,"column":62}},"84":{"start":{"line":168,"column":6},"end":{"line":170,"column":7}},"85":{"start":{"line":169,"column":8},"end":{"line":169,"column":64}},"86":{"start":{"line":173,"column":17},"end":{"line":173,"column":76}},"87":{"start":{"line":175,"column":21},"end":{"line":186,"column":5}},"88":{"start":{"line":188,"column":4},"end":{"line":194,"column
[...]
{"loc":{"start":{"line":35,"column":2},"end":{"line":37,"column":3}},"type":"if","locations":[{"start":{"line":35,"column":2},"end":{"line":37,"column":3}},{"start":{},"end":{}}],"line":35},"4":{"loc":{"start":{"line":40,"column":2},"end":{"line":42,"column":3}},"type":"if","locations":[{"start":{"line":40,"column":2},"end":{"line":42,"column":3}},{"start":{},"end":{}}],"line":40},"5":{"loc":{"start":{"line":44,"column":2},"end":{"line":47,"column":3}},"type":"if","locations":[{"start":{"line":44,"column":2},"end":{"line":47,"column":3}},{"start":{},"end":{}}],"line":44},"6":{"loc":{"start":{"line":49,"column":2},"end":{"line":53,"column":3}},"type":"if","locations":[{"start":{"line":49,"column":2},"end":{"line":53,"column":3}},{"start":{},"end":{}}],"line":49},"7":{"loc":{"start":{"line":64,"column":2},"end":{"line":66,"column":3}},"type":"if","locations":[{"start":{"line":64,"column":2},"end":{"line":66,"column":3}},{"start":{},"end":{}}],"line":64},"8":{"loc":{"start":{"line":73,"column":18},"end":{"line":73,"column":90}},"type":"binary-expr","locations":[{"start":{"line":73,"column":18},"end":{"line":73,"column":42}},{"start":{"line":73,"column":46},"end":{"line":73,"column":90}}],"line":73},"9":{"loc":{"start":{"line":74,"column":2},"end":{"line":76,"column":3}},"type":"if","locations":[{"start":{"line":74,"column":2},"end":{"line":76,"column":3}},{"start":{},"end":{}}],"line":74},"10":{"loc":{"start":{"line":74,"column":6},"end":{"line":74,"column":33}},"type":"binary-expr","locations":[{"start":{"line":74,"column":6},"end":{"line":74,"column":13}},{"start":{"line":74,"column":17},"end":{"line":74,"column":33}}],"line":74},"11":{"loc":{"start":{"line":83,"column":32},"end":{"line":83,"column":68}},"type":"binary-expr","locations":[{"start":{"line":83,"column":32},"end":{"line":83,"column":63}},{"start":{"line":83,"column":67},"end":{"line":83,"column":68}}],"line":83},"12":{"loc":{"start":{"line":84,"column":27},"end":{"line":84,"column":42}},"type":"cond-expr","locations":[{"start":{"line":84,"column":37},"end":{"line":84,"column":38}},{"start":{"line":84,"column":41},"end":{"line":84,"column":42}}],"line":84},"13":{"loc":{"start":{"line":85,"column":23},"end":{"line":85,"column":49}},"type":"binary-expr","locations":[{"start":{"line":85,"column":23},"end":{"line":85,"column":44}},{"start":{"line":85,"column":48},"end":{"line":85,"column":49}}],"line":85},"14":{"loc":{"start":{"line":87,"column":2},"end":{"line":89,"column":3}},"type":"if","locations":[{"start":{"line":87,"column":2},"end":{"line":89,"column":3}},{"start":{},"end":{}}],"line":87},"15":{"loc":{"start":{"line":98,"column":12},"end":{"line":98,"column":81}},"type":"cond-expr","locations":[{"start":{"line":98,"column":62},"end":{"line":98,"column":70}},{"start":{"line":98,"column":73},"end":{"line":98,"column":81}}],"line":98},"16":{"loc":{"start":{"line":98,"column":12},"end":{"line":98,"column":59}},"type":"binary-expr","locations":[{"start":{"line":98,"column":12},"end":{"line":98,"column":36}},{"start":{"line":98,"column":40},"end":{"line":98,"column":59}}],"line":98},"17":{"loc":{"start":{"line":113,"column":4},"end":{"line":121,"column":5}},"type":"if","locations":[{"start":{"line":113,"column":4},"end":{"line":121,"column":5}},{"start":{"line":117,"column":11},"end":{"line":121,"column":5}}],"line":113},"18":{"loc":{"start":{"line":117,"column":11},"end":{"line":121,"column":5}},"type":"if","locations":[{"start":{"line":117,"column":11},"end":{"line":121,"column":5}},{"start":{},"end":{}}],"line":117},"19":{"loc":{"start":{"line":135,"column":4},"end":{"line":137,"column":5}},"type":"if","locations":[{"start":{"line":135,"column":4},"end":{"line":137,"column":5}},{"start":{},"end":{}}],"line":135},"20":{"loc":{"start":{"line":147,"column":4},"end":{"line":149,"column":5}},"type":"if","locations":[{"start":{"line":147,"column":4},"end":{"line":149,"column":5}},{"start":{},"end":{}}],"line":147},"21":{"loc":{"start":{"line":162,"column":4},"end":{"line":164,"column":5}},"type":"if","locations":[{"start":{"line":162,"column":4},"end":{"line":164,"column":5}},{"start":{},"end":{}}],"line":162},"22":{"loc":{"start":{"line":166,"column":4},"end":{"line":171,"column":5}},"type":"if","locations":[{"start":{"line":166,"column":4},"end":{"line":171,"column":5}},{"start":{},"end":{}}],"line":166},"23":{"loc":{"start":{"line":168,"column":6},"end":{"line":170,"column":7}},"type":"if","locations":[{"start":{"line":168,"column":6},"end":{"line":170,"column":7}},{"start":{},"end":{}}],"line":168},"24":{"loc":{"start":{"line":183,"column":8},"end":{"line":183,"column":63}},"type":"cond-expr","locations":[{"start":{"line":183,"column":58},"end":{"line":183,"column":59}},{"start":{"line":183,"column":62},"end":{"line":183,"column":63}}],"line":183},"25":{"loc":{"start":{"line":196,"column":4},"end":{"line":198,"column":5}},"type":"if","locations":[{"start":{"line":196,"column":4},"end":{"line":198,"column":5}},{"start":{},"end":{}}],"line":196},"26":{"loc":{"start":{"line":196,"column":8},"end":{"line":196,"column":81}},"type":"binary-expr","locations":[{"start":{"line":196,"column":8},"end":{"line":196,"column":42}},{"start":{"line":196,"column":46},"end":{"line":196,"column":81}}],"line":196},"27":{"loc":{"start":{"line":208,"column":4},"end":{"line":210,"column":5}},"type":"if","locations":[{"start":{"line":208,"column":4},"end":{"line":210,"column":5}},{"start":{},"end":{}}],"line":208},"28":{"loc":{"start":{"line":213,"column":4},"end":{"line":215,"column":5}},"type":"if","locations":[{"start":{"line":213,"column":4},"end":{"line":215,"column":5}},{"start":{},"end":{}}],"line":213},"29":{"loc":{"start":{"line":218,"column":21},"end":{"line":218,"column":61}},"type":"binary-expr","locations":[{"start":{"line":218,"column":21},"end":{"line":218,"column":39}},{"start":{"line":218,"column":43},"end":{"line":218,"column":61}}],"line":218},"30":{"loc":{"start":{"line":219,"column":21},"end":{"line":219,"column":61}},"type":"binary-expr","locations":[{"start":{"line":219,"column":21},"end":{"line":219,"column":39}},{"start":{"line":219,"column":43},"end":{"line":219,"column":61}}],"line":219},"31":{"loc":{"start":{"line":220,"column":22},"end":{"line":220,"column":64}},"type":"binary-expr","locations":[{"start":{"line":220,"column":22},"end":{"line":220,"column":41}},{"start":{"line":220,"column":45},"end":{"line":220,"column":64}}],"line":220},"32":{"loc":{"start":{"line":232,"column":8},"end":{"line":232,"column":63}},"type":"cond-expr","locations":[{"start":{"line":232,"column":58},"end":{"line":232,"column":59}},{"start":{"line":232,"column":62},"end":{"line":232,"column":63}}],"line":232},"33":{"loc":{"start":{"line":233,"column":8},"end":{"line":233,"column":42}},"type":"binary-expr","locations":[{"start":{"line":233,"column":8},"end":{"line":233,"column":23}},{"start":{"line":233,"column":27},"end":{"line":233,"column":42}}],"line":233},"34":{"loc":{"start":{"line":245,"column":4},"end":{"line":247,"column":5}},"type":"if","locations":[{"start":{"line":245,"column":4},"end":{"line":247,"column":5}},{"start":{},"end":{}}],"line":245},"35":{"loc":{"start":{"line":245,"column":8},"end":{"line":245,"column":81}},"type":"binary-expr","locations":[{"start":{"line":245,"column":8},"end":{"line":245,"column":42}},{"start":{"line":245,"column":46},"end":{"line":245,"column":81}}],"line":245},"36":{"loc":{"start":{"line":257,"column":4},"end":{"line":259,"column":5}},"type":"if","locations":[{"start":{"line":257,"column":4},"end":{"line":259,"column":5}},{"start":{},"end":{}}],"line":257},"37":{"loc":{"start":{"line":262,"column":4},"end":{"line":264,"column":5}},"type":"if","locations":[{"start":{"line":262,"column":4},"end":{"line":264,"column":5}},{"start":{},"end":{}}],"line":262}},"s":{"0":5,"1":5,"2":5,"3":5,"4":5,"5":5,"6":2,"7":2,"8":2,"9":2,"10":0,"11":2,"12":5,"13":0,"14":0,"15":5,"16":2,"17":2,"18":5,"19":1,"20":1,"21":0,"22":0,"23":0,"24":0,"25":0,"26":0,"27":0,"28":0,"29":0,"30":0,"31":0,"32":5,"33":2,"34":2,"35":0,"36":2,"37":2,"38":2,"39":2,"40":2,"41":2,"42":1,"43":2,"44":2,"45":2,"46":2,"47":2,"48":0,"49":2,"50":2,"51":5,"52":0,"53":0,"54":0,"55":0,"56":0,"57":0,"58":0,"59":0,"60":0,"61":0,"62":0,"63":0,"64":0,"65":0,"66":0,"67":5,"68":0,"69":0,"70":0,"71":0,"72":0,"73":0,"74":0,"75":0,"76":0,"77":5,"78":2,"79":2,"80":2,"81":0,"82":2,"83":2,"84":2,"85":1,"86":1,"87":1,"88":1,"89":0,"90":0,"91":0,"92":5,"93":1,"94":1,"95":1,"96":0,"97":1,"98":1,"99":0,"100":1,"101":1,"102":1,"103":1,"104":1,"105":1,"106":1,"107":0,"108":0,"109":0,"110":5,"111":0,"112":0,"113":0,"114":0,"115":0,"116":0,"117":0,"118":0,"119":0,"120":0,"121":5},"f":{"0":2,"1":0,"2":2,"3":1,"4":2,"5":0,"6":0,"7":2,"8":1,"9":0},"b":{"0":[0,2],"1":[0,0],"2":[2,0],"3":[1,0],"4":[0,0],"5":[0,0],"6":[0,0],"7":[0,2],"8":[2,2],"9":[1,1],"10":[2,1],"11":[2,0],"12":[1,1],"13":[2,0],"14":[0,2],"15":[0,2],"16":[2,2],"17":[0,0],"18":[0,0],"19":[0,0],"20":[0,0],"21":[0,2],"22":[2,0],"23":[1,1],"24":[1,0],"25":[0,0],"26":[0,0],"27":[0,1],"28":[0,1],"29":[1,1],"30":[1,0],"31":[1,0],"32":[1,0],"33":[1,1],"34":[0,0],"35":[0,0],"36":[0,0],"37":[0,0]},"_coverageSchema":"1a1c01bbd47fc00a2c39e90264f33305004495a9","hash":"d917b832bcdc06942490d617755ad25398135c6d"}
,"E:\\project2\\rubygym\\backend\\src\\routes\\trainers.js": {"path":"E:\\project2\\rubygym\\backend\\src\\routes\\trainers.js","statementMap":{"0":{"start":{"line":1,"column":16},"end":{"line":1,"column":34}},"1":{"start":{"line":2,"column":15},"end":{"line":2,"column":34}},"2":{"start":{"line":3,"column":15},"end":{"line":3,"column":31}},"3":{"start":{"line":4,"column":13},"end":{"line":4,"column":42}},"4":{"start":{"line":5,"column":36},"end":{"line":5,"column":66}},"5":{"start":{"line":7,"column":27},"end":{"line":10,"column":1}},"6":{"start":{"line":8,"column":17},"end":{"line":8,"column":90}},"7":{"start":{"line":9,"column":2},"end":{"line":9,"column":45}},"8":{"start":{"line":12,"column":25},"end":{"line":23,"column":1}},"9":{"start":{"line":13,"column":2},"end":{"line":15,"column":3}},"10":{"start":{"line":14,"column":4},"end":{"line":14,"column":16}},"11":{"start":{"line":17,"column":2},"end":{"line":20,"column":3}},"12":{"start":{"line":18,"column":25},"end":{"line":18,"column":62}},"13":{"start":{"line":19,"column":4},"end":{"line":19,"column":54}},"14":{"start":{"line":22,"column":2},"end":{"line":22,"column":15}},"15":{"start":{"line":26,"column":0},"end":{"line":37,"column":3}},"16":{"start":{"line":27,"column":2},"end":{"line":36,"column":3}},"17":{"start":{"line":28,"column":19},"end":{"line":32,"column":6}},"18":{"start":{"line":33,"column":4},"end":{"line":33,"column":19}},"19":{"start":{"line":35,"column":4},"end":{"line":35,"column":49}},"20":{"start":{"line":40,"column":0},"end":{"line":57,"column":3}},"21":{"start":{"line":41,"column":2},"end":{"line":56,"column":3}},"22":{"start":{"line":42,"column":20},"end":{"line":42,"column":62}},"23":{"start":{"line":43,"column":4},"end":{"line":45,"column":5}},"24":{"start":{"line":44,"column":6},"end":{"line":44,"column":62}},"25":{"start":{"line":47,"column":19},"end":{"line":52,"column":23}},"26":{"start":{"line":53,"column":4},"end":{"line":53,"column":19}},"27":{"start":{"line":55,"column":4},"end":{"line":55,"column":49}},"28":{"start":{"line":60,"column":0},"end":{"line":76,"column":3}},"29":{"start":{"line":61,"column":2},"end":{"line":75,"column":3}},"30":{"start":{"line":62,"column":19},"end":{"line":66,"column":23}},"31":{"start":{"line":68,"column":4},"end":{"line":70,"column":5}},"32":{"start":{"line":69,"column":6},"end":{"line":69,"column":66}},"33":{"start":{"line":72,"column":4},"end":{"line":72,"column":22}},"34":{"start":{"line":74,"column":4},"end":{"line":74,"column":49}},"35":{"start":{"line":79,"column":0},"end":{"line":98,"column":3}},"36":{"start":{"line":80,"column":2},"end":{"line":97,"column":3}},"37":{"start":{"line":81,"column":83},"end":{"line":81,"column":91}},"38":{"start":{"line":82,"column":27},"end":{"line":82,"column":58}},"39":{"start":{"line":84,"column":25},"end":{"line":87,"column":5}},"40":{"start":{"line":89,"column":28},"end":{"line":92,"column":5}},"41":{"start":{"line":94,"column":4},"end":{"line":94,"column":92}},"42":{"start":{"line":96,"column":4},"end":{"line":96,"column":49}},"43":{"start":{"line":101,"column":0},"end":{"line":144,"column":3}},"44":{"start":{"line":102,"column":2},"end":{"line":143,"column":3}},"45":{"start":{"line":103,"column":20},"end":{"line":103,"column":62}},"46":{"start":{"line":104,"column":4},"end":{"line":106,"column":5}},"47":{"start":{"line":105,"column":6},"end":{"line":105,"column":62}},"48":{"start":{"line":108,"column":27},"end":{"line":112,"column":23}},"49":{"start":{"line":114,"column":4},"end":{"line":116,"column":5}},"50":{"start":{"line":115,"column":6},"end":{"line":115,"column":66}},"51":{"start":{"line":118,"column":21},"end":{"line":118,"column":36}},"52":{"start":{"line":119,"column":73},"end":{"line":119,"column":81}},"53":{"start":{"line":121,"column":4},"end":{"line":129,"column":6}},"54":{"start":{"line":131,"column":4},"end":{"line":138,"column":6}},"55":{"start":{"line":140,"column":4},"end":{"line":140,"column":45}},"56":{"start":{"line":142,"column":4},"end":{"line":142,"column":49}},"57":{"start":{"line":147,"column":0},"end":{"line":172,"column":3}},"58":{"start":{"line":148,"column":2},"end":{"line":171,"column":3}},"59":{"start":{"line":149,"column":19},"end":{"line":149,"column":99}},"60":{"start":{"line":150,"column":4},"end":{"line":152,"column":5}},"61":{"start":{"line":151,"column":6},"end":{"line":151,"column":66}},"62":{"start":{"line":154,"column":19},"end":{"line":154,"column":34}},"63":{"start":{"line":156,"column":4},"end":{"line":156,"column":101}},"64":{"start":{"line":157,"column":4},"end":{"line":162,"column":24}},"65":{"start":{"line":163,"column":4},"end":{"line":163,"column":94}},"66":{"start":{"line":164,"column":4},"end":{"line":164,"column":96}},"67":{"start":{"line":165,"column":4},"end":{"line":165,"column":77}},"68":{"start":{"line":166,"column":4},"end":{"line":166,"column":67}},"69":{"start":{"line":168,"column":4},"end":{"line":168,"column":45}},"70":{"start":{"line":170,"column":4},"end":{"line":170,"column":49}},"71":{"start":{"line":174,"column":0},"end":{"line":174,"column":24}}},"fnMap":{"0":{"name":"(anonymous_0)","decl":{"start":{"line":7,"column":27},"end":{"line":7,"column":28}},"loc":{"start":{"line":7,"column":45},"end":{"line":10,"column":1}},"line":7},"1":{"name":"(anonymous_1)","decl":{"start":{"line":12,"column":25},"end":{"line":12,"column":26}},"loc":{"start":{"line":12,"column":51},"end":{"line":23,"column":1}},"line":12},"2":{"name":"(anonymous_2)","decl":{"start":{"line":26,"column":30},"end":{"line":26,"column":31}},"loc":{"start":{"line":26,"column":50},"end":{"line":37,"column":1}},"line":26},"3":{"name":"(anonymous_3)","decl":{"start":{"line":40,"column":41},"end":{"line":40,"column":42}},"loc":{"start":{"line":40,"column":61},"end":{"line":57,"column":1}},"line":40},"4":{"name":"(anonymous_4)","decl":{"start":{"line":60,"column":33},"end":{"line":60,"column":34}},"loc":{"start":{"line":60,"column":53},"end":{"line":76,"column":1}},"line":60},"5":{"name":"(anonymous_5)","decl":{"start":{"line":79,"column":51},"end":{"line":79,"column":52}},"loc":{"start":{"line":79,"column":71},"end":{"line":98,"column":1}},"line":79},"6":{"name":"(anonymous_6)","decl":{"start":{"line":101,"column":33},"end":{"line":101,"column":34}},"loc":{"start":{"line":101,"column":53},"end":{"line":144,"column":1}},"line":101},"7":{"name":"(anonymous_7)","decl":{"start":{"line":147,"column":56},"end":{"line":147,"column":57}},"loc":{"start":{"line":147,"column":76},"end":{"line":172,"column":1}},"line":147}},"branchMap":{"0":{"loc":{"start":{"line":9,"column":9},"end":{"line":9,"column":44}},"type":"cond-expr","locations":[{"start":{"line":9,"column":27},"end":{"line":9,"column":37}},{"start":{"line":9,"column":40},"end":{"line":9,"column":44}}],"line":9},"1":{"loc":{"start":{"line":13,"column":2},"end":{"line":15,"column":3}},"type":"if","locations":[{"start":{"line":13,"column":2},"end":{"line":15,"column":3}},{"start":{},"end":{}}],"line":13},"2":{"loc":{"start":{"line":17,"column":2},"end":{"line":20,"column":3}},"type":"if","locations":[{"start":{"line":17,"column":2},"end":{"line":20,"column":3}},{"start":{},"end":{}}],"line":17},"3":{"loc":{"start":{"line":43,"column":4},"end":{"line":45,"column":5}},"type":"if","locations":[{"start":{"line":43,"column":4},"end":{"line":45,"column":5}},{"start":{},"end":{}}],"line":43},"4":{"loc":{"start":{"line":68,"column":4},"end":{"line":70,"column":5}},"type":"if","locations":[{"start":{"line":68,"column":4},"end":{"line":70,"column":5}},{"start":{},"end":{}}],"line":68},"5":{"loc":{"start":{"line":91,"column":28},"end":{"line":91,"column":50}},"type":"binary-expr","locations":[{"start":{"line":91,"column":28},"end":{"line":91,"column":42}},{"start":{"line":91,"column":46},"end":{"line":91,"column":50}}],"line":91},"6":{"loc":{"start":{"line":91,"column":52},"end":{"line":91,"column":72}},"type":"binary-expr","locations":[{"start":{"line":91,"column":52},"end":{"line":91,"column":67}},{"start":{"line":91,"column":71},"end":{"line":91,"column":72}}],"line":91},"7":{"loc":{"start":{"line":104,"column":4},"end":{"line":106,"column":5}},"type":"if","locations":[{"start":{"line":104,"column":4},"end":{"line":106,"column":5}},{"start":{},"end":{}}],"line":104},"8":{"loc":{"start":{"line":114,"column":4},"end":{"line":116,"column":5}},"type":"if","locations":[{"start":{"line":114,"column":4},"end":{"line":116,"column":5}},{"start":{},"end":{}}],"line":114},"9":{"loc":{"start":{"line":124,"column":8},"end":{"line":124,"column":39}},"type":"binary-expr","locations":[{"start":{"line":124,"column":8},"end":{"line":124,"column":17}},{"start":{"line":124,"column":21},"end":{"line":124,"column":39}}],"line":124},"10":{"loc":{"start":{"line":125,"column":8},"end":{"line":125,"column":31}},"type":"binary-expr","locations":[{"start":{"line":125,"column":8},"end":{"line":125,"column":13}},{"start":{"line":125,"column":17},"end":{"line":125,"column":31}}],"line":125},"11":{"loc":{"start":{"line":126,"column":8},"end":{"line":126,"column":31}},"type":"binary-expr","locations":[{"start":{"line":126,"column":8},"end":{"line":126,"column":13}},{"start":{"line":126,"column":17},"end":{"line":126,"column":31}}],"line":126},"12":{"loc":{"start":{"line":134,"column":8},"end":{"line":134,"column":49}},"type":"binary-expr","locations":[{"start":{"line":134,"column":8},"end":{"line":134,"column":22}},{"start":{"line":134,"column":26},"end":{"line":134,"column":49}}],"line":134},"13":{"loc":{"start":{"line":135,"column":8},"end":{"line":135,"column":51}},"type":"binary-expr","locations":[{"start":{"line":135,"column":8},"end":{"line":135,"column":23}},{"start":{"line":135,"column":27},"end":{"line":135,"column":51}}],"line":135},"14":{"loc":{"start":{"line":150,"column":4},"end":{"line":152,"column":5}},"type":"if","locations":[{"start":{"line":150,"column":4},"end":{"line":152,"column":5}},{"start":{},"end":{}}],"line":150}},"s":{"0":5,"1":5,"2":5,"3":5,"4":5,"5":5,"6":2,"7":2,"8":5,"9":2,"10":0,"11":2,"12":2,"13":2,"14":0,"15":5,"16":0,"17":0,"18":0,"19":0,"20":5,"21":0,"22":0,"23":0,"24":0,"25":0,"26":0,"27":0,"28":5,"29":0,"30":0,"31":0,"32":0,"33":0,"34":0,"35":5,"36":1,"37":1,"38":1,"39":1,"40":1,"41":1,"42":0,"43":5,"44":2,"45":2,"46":2,"47":1,"48":1,"49":1,"50":0,"51":1,"52":1,"53":1,"54":1,"55":1,"56":0,"57":5,"58":1,"59":1,"60":1,"61":0,"62":1,"63":1,"64":1,"65":1,"66":1,"67":1,"68":1,"69":1,"70":0,"71":5},"f":{"0":2,"1":2,"2":0,"3":0,"4":0,"5":1,"6":2,"7":1},"b":{"0":[2,0],"1":[0,2],"2":[2,0],"3":[0,0],"4":[0,0],"5":[1,0],"6":[1,1],"7":[1,1],"8":[0,1],"9":[1,0],"10":[1,1],"11":[1,0],"12":[1,0],"13":[1,1],"14":[0,1]},"_coverageSchema":"1a1c01bbd47fc00a2c39e90264f33305004495a9","hash":"5d229732beb8c877b21a2d766c3b4eb0ad5cd7ca"}
}
