TN:
SF:src\index.js
FN:19,(anonymous_0)
FNF:1
FNH:1
FNDA:1,(anonymous_0)
DA:1,5
DA:2,5
DA:3,5
DA:5,5
DA:6,5
DA:7,5
DA:8,5
DA:9,5
DA:10,5
DA:11,5
DA:13,5
DA:15,5
DA:16,5
DA:19,5
DA:20,1
DA:23,5
DA:24,5
DA:25,5
DA:26,5
DA:27,5
DA:28,5
DA:29,5
DA:31,5
LF:23
LH:23
BRF:0
BRH:0
end_of_record
TN:
SF:src\config\database.js
FNF:0
FNH:0
DA:1,1
DA:2,1
DA:4,1
DA:14,1
LF:4
LH:4
BRDA:5,0,0,1
BRDA:5,0,1,1
BRDA:6,1,0,1
BRDA:6,1,1,1
BRDA:7,2,0,1
BRDA:7,2,1,1
BRDA:8,3,0,1
BRDA:8,3,1,1
BRDA:9,4,0,1
BRDA:9,4,1,1
BRF:10
BRH:10
end_of_record
TN:
SF:src\middlewares\auth.js
FN:3,(anonymous_0)
FN:16,(anonymous_1)
FN:17,(anonymous_2)
FNF:3
FNH:3
FNDA:15,(anonymous_0)
FNDA:40,(anonymous_1)
FNDA:2,(anonymous_2)
DA:1,5
DA:3,5
DA:4,15
DA:5,15
DA:7,12
DA:8,12
DA:9,12
DA:10,12
DA:12,0
DA:16,5
DA:17,40
DA:18,2
DA:19,0
DA:21,2
DA:25,5
LF:15
LH:13
BRDA:5,0,0,3
BRDA:5,0,1,12
BRDA:18,1,0,0
BRDA:18,1,1,2
BRF:4
BRH:3
end_of_record
TN:
SF:src\routes\auth.js
FN:8,(anonymous_0)
FN:25,(anonymous_1)
FNF:2
FNH:2
FNDA:1,(anonymous_0)
FNDA:3,(anonymous_1)
DA:1,5
DA:2,5
DA:3,5
DA:4,5
DA:5,5
DA:8,5
DA:9,1
DA:10,1
DA:11,1
DA:13,1
DA:18,1
DA:20,0
DA:25,5
DA:26,3
DA:27,3
DA:29,3
DA:30,2
DA:32,1
DA:33,1
DA:34,1
DA:36,1
DA:42,1
DA:44,1
DA:48,5
LF:24
LH:23
BRDA:15,0,0,1
BRDA:15,0,1,1
BRDA:30,1,0,1
BRDA:30,1,1,1
BRDA:34,2,0,0
BRDA:34,2,1,1
BRF:6
BRH:5
end_of_record
TN:
SF:src\routes\evaluations.js
FN:6,(anonymous_0)
FN:11,(anonymous_1)
FN:16,(anonymous_2)
FN:39,(anonymous_3)
FN:48,(anonymous_4)
FN:79,(anonymous_5)
FN:107,(anonymous_6)
FN:148,(anonymous_7)
FN:198,(anonymous_8)
FNF:9
FNH:0
FNDA:0,(anonymous_0)
FNDA:0,(anonymous_1)
FNDA:0,(anonymous_2)
FNDA:0,(anonymous_3)
FNDA:0,(anonymous_4)
FNDA:0,(anonymous_5)
FNDA:0,(anonymous_6)
FNDA:0,(anonymous_7)
FNDA:0,(anonymous_8)
DA:1,5
DA:2,5
DA:3,5
DA:4,5
DA:6,5
DA:7,0
DA:8,0
DA:11,5
DA:12,0
DA:13,0
DA:16,5
DA:17,0
DA:18,0
DA:21,0
DA:22,0
DA:23,0
DA:26,0
DA:27,0
DA:28,0
DA:31,0
DA:32,0
DA:33,0
DA:36,0
DA:39,5
DA:40,0
DA:44,0
DA:48,5
DA:49,0
DA:50,0
DA:58,0
DA:60,0
DA:61,0
DA:62,0
DA:63,0
DA:64,0
DA:65,0
DA:66,0
DA:67,0
DA:70,0
DA:71,0
DA:72,0
DA:74,0
DA:79,5
DA:80,0
DA:81,0
DA:82,0
DA:83,0
DA:86,0
DA:96,0
DA:97,0
DA:100,0
DA:102,0
DA:107,5
DA:108,0
DA:109,0
DA:110,0
DA:122,0
DA:124,0
DA:125,0
DA:126,0
DA:129,0
DA:130,0
DA:131,0
DA:134,0
DA:141,0
DA:143,0
DA:148,5
DA:149,0
DA:150,0
DA:151,0
DA:152,0
DA:155,0
DA:156,0
DA:157,0
DA:160,0
DA:161,0
DA:163,0
DA:164,0
DA:167,0
DA:168,0
DA:169,0
DA:170,0
DA:173,0
DA:191,0
DA:193,0
DA:198,5
DA:199,0
DA:200,0
DA:201,0
DA:202,0
DA:205,0
DA:206,0
DA:207,0
DA:210,0
DA:211,0
DA:213,0
DA:217,5
LF:97
LH:14
BRDA:8,0,0,0
BRDA:8,0,1,0
BRDA:13,1,0,0
BRDA:13,1,1,0
BRDA:17,2,0,0
BRDA:17,2,1,0
BRDA:22,3,0,0
BRDA:22,3,1,0
BRDA:26,4,0,0
BRDA:26,4,1,0
BRDA:31,5,0,0
BRDA:31,5,1,0
BRDA:60,6,0,0
BRDA:60,6,1,0
BRDA:64,7,0,0
BRDA:64,7,1,0
BRDA:82,8,0,0
BRDA:82,8,1,0
BRDA:96,9,0,0
BRDA:96,9,1,0
BRDA:109,10,0,0
BRDA:109,10,1,0
BRDA:125,11,0,0
BRDA:125,11,1,0
BRDA:130,12,0,0
BRDA:130,12,1,0
BRDA:138,13,0,0
BRDA:138,13,1,0
BRDA:151,14,0,0
BRDA:151,14,1,0
BRDA:156,15,0,0
BRDA:156,15,1,0
BRDA:161,16,0,0
BRDA:161,16,1,0
BRDA:163,17,0,0
BRDA:163,17,1,0
BRDA:167,18,0,0
BRDA:167,18,1,0
BRDA:169,19,0,0
BRDA:169,19,1,0
BRDA:181,20,0,0
BRDA:181,20,1,0
BRDA:182,21,0,0
BRDA:182,21,1,0
BRDA:183,22,0,0
BRDA:183,22,1,0
BRDA:184,23,0,0
BRDA:184,23,1,0
BRDA:185,24,0,0
BRDA:185,24,1,0
BRDA:186,25,0,0
BRDA:186,25,1,0
BRDA:201,26,0,0
BRDA:201,26,1,0
BRDA:201,27,0,0
BRDA:201,27,1,0
BRDA:206,28,0,0
BRDA:206,28,1,0
BRF:58
BRH:0
end_of_record
TN:
SF:src\routes\events.js
FN:7,(anonymous_0)
FN:22,(anonymous_1)
FN:42,(anonymous_2)
FN:58,(anonymous_3)
FN:85,(anonymous_4)
FNF:5
FNH:0
FNDA:0,(anonymous_0)
FNDA:0,(anonymous_1)
FNDA:0,(anonymous_2)
FNDA:0,(anonymous_3)
FNDA:0,(anonymous_4)
DA:1,5
DA:2,5
DA:3,5
DA:4,5
DA:7,5
DA:8,0
DA:9,0
DA:15,0
DA:17,0
DA:22,5
DA:23,0
DA:24,0
DA:31,0
DA:32,0
DA:35,0
DA:37,0
DA:42,5
DA:43,0
DA:44,0
DA:46,0
DA:51,0
DA:53,0
DA:58,5
DA:59,0
DA:60,0
DA:61,0
DA:62,0
DA:65,0
DA:66,0
DA:68,0
DA:78,0
DA:80,0
DA:85,5
DA:86,0
DA:87,0
DA:88,0
DA:89,0
DA:92,0
DA:93,0
DA:95,0
DA:99,5
LF:41
LH:10
BRDA:31,0,0,0
BRDA:31,0,1,0
BRDA:48,1,0,0
BRDA:48,1,1,0
BRDA:48,2,0,0
BRDA:48,2,1,0
BRDA:61,3,0,0
BRDA:61,3,1,0
BRDA:71,4,0,0
BRDA:71,4,1,0
BRDA:72,5,0,0
BRDA:72,5,1,0
BRDA:73,6,0,0
BRDA:73,6,1,0
BRDA:88,7,0,0
BRDA:88,7,1,0
BRF:16
BRH:0
end_of_record
TN:
SF:src\routes\members.js
FN:7,(anonymous_0)
FN:12,(anonymous_1)
FN:17,(anonymous_2)
FN:37,(anonymous_3)
FN:55,(anonymous_4)
FN:79,(anonymous_5)
FN:101,(anonymous_6)
FN:153,(anonymous_7)
FNF:8
FNH:0
FNDA:0,(anonymous_0)
FNDA:0,(anonymous_1)
FNDA:0,(anonymous_2)
FNDA:0,(anonymous_3)
FNDA:0,(anonymous_4)
FNDA:0,(anonymous_5)
FNDA:0,(anonymous_6)
FNDA:0,(anonymous_7)
DA:1,5
DA:2,5
DA:3,5
DA:4,5
DA:5,5
DA:7,5
DA:8,0
DA:9,0
DA:12,5
DA:13,0
DA:14,0
DA:17,5
DA:18,0
DA:19,0
DA:22,0
DA:23,0
DA:24,0
DA:27,0
DA:28,0
DA:29,0
DA:30,0
DA:33,0
DA:37,5
DA:38,0
DA:39,0
DA:48,0
DA:50,0
DA:55,5
DA:56,0
DA:57,0
DA:58,0
DA:59,0
DA:62,0
DA:71,0
DA:72,0
DA:74,0
DA:79,5
DA:80,0
DA:81,0
DA:82,0
DA:84,0
DA:89,0
DA:94,0
DA:96,0
DA:101,5
DA:102,0
DA:103,0
DA:104,0
DA:105,0
DA:108,0
DA:116,0
DA:117,0
DA:120,0
DA:121,0
DA:123,0
DA:133,0
DA:134,0
DA:146,0
DA:148,0
DA:153,5
DA:154,0
DA:155,0
DA:156,0
DA:157,0
DA:160,0
DA:162,0
DA:163,0
DA:164,0
DA:165,0
DA:166,0
DA:167,0
DA:169,0
DA:171,0
DA:175,5
LF:74
LH:14
BRDA:9,0,0,0
BRDA:9,0,1,0
BRDA:14,1,0,0
BRDA:14,1,1,0
BRDA:18,2,0,0
BRDA:18,2,1,0
BRDA:22,3,0,0
BRDA:22,3,1,0
BRDA:27,4,0,0
BRDA:27,4,1,0
BRDA:58,5,0,0
BRDA:58,5,1,0
BRDA:71,6,0,0
BRDA:71,6,1,0
BRDA:91,7,0,0
BRDA:91,7,1,0
BRDA:91,8,0,0
BRDA:91,8,1,0
BRDA:91,9,0,0
BRDA:91,9,1,0
BRDA:104,10,0,0
BRDA:104,10,1,0
BRDA:116,11,0,0
BRDA:116,11,1,0
BRDA:126,12,0,0
BRDA:126,12,1,0
BRDA:127,13,0,0
BRDA:127,13,1,0
BRDA:128,14,0,0
BRDA:128,14,1,0
BRDA:133,15,0,0
BRDA:133,15,1,0
BRDA:137,16,0,0
BRDA:137,16,1,0
BRDA:138,17,0,0
BRDA:138,17,1,0
BRDA:139,18,0,0
BRDA:139,18,1,0
BRDA:139,19,0,0
BRDA:139,19,1,0
BRDA:140,20,0,0
BRDA:140,20,1,0
BRDA:156,21,0,0
BRDA:156,21,1,0
BRF:44
BRH:0
end_of_record
TN:
SF:src\routes\schedule.js
FN:11,(anonymous_0)
FN:16,(anonymous_1)
FN:18,(anonymous_2)
FN:28,(anonymous_3)
FN:33,(anonymous_4)
FN:38,(anonymous_5)
FN:51,(anonymous_6)
FN:70,(anonymous_7)
FN:103,(anonymous_8)
FN:114,(anonymous_9)
FN:127,(anonymous_10)
FN:128,(anonymous_11)
FN:137,(anonymous_12)
FN:151,(anonymous_13)
FN:175,(anonymous_14)
FN:199,(anonymous_15)
FN:238,(anonymous_16)
FN:279,(anonymous_17)
FN:302,(anonymous_18)
FN:331,(anonymous_19)
FNF:20
FNH:11
FNDA:18,(anonymous_0)
FNDA:5,(anonymous_1)
FNDA:4,(anonymous_2)
FNDA:5,(anonymous_3)
FNDA:0,(anonymous_4)
FNDA:0,(anonymous_5)
FNDA:0,(anonymous_6)
FNDA:5,(anonymous_7)
FNDA:2,(anonymous_8)
FNDA:2,(anonymous_9)
FNDA:2,(anonymous_10)
FNDA:2,(anonymous_11)
FNDA:1,(anonymous_12)
FNDA:0,(anonymous_13)
FNDA:0,(anonymous_14)
FNDA:0,(anonymous_15)
FNDA:5,(anonymous_16)
FNDA:0,(anonymous_17)
FNDA:0,(anonymous_18)
FNDA:0,(anonymous_19)
DA:1,5
DA:2,5
DA:3,5
DA:4,5
DA:6,5
DA:7,5
DA:8,5
DA:9,5
DA:11,5
DA:12,18
DA:13,18
DA:16,5
DA:18,5
DA:19,4
DA:20,4
DA:22,4
DA:23,4
DA:25,4
DA:28,5
DA:29,5
DA:30,5
DA:33,5
DA:34,0
DA:35,0
DA:38,5
DA:39,0
DA:40,0
DA:43,0
DA:44,0
DA:45,0
DA:48,0
DA:51,5
DA:52,0
DA:53,0
DA:56,0
DA:57,0
DA:58,0
DA:61,0
DA:62,0
DA:63,0
DA:64,0
DA:67,0
DA:70,5
DA:71,5
DA:72,0
DA:75,5
DA:76,5
DA:77,0
DA:80,5
DA:81,1
DA:84,4
DA:85,1
DA:88,3
DA:89,1
DA:92,2
DA:98,2
DA:99,1
DA:102,1
DA:103,2
DA:105,1
DA:110,1
DA:111,0
DA:114,2
DA:115,1
DA:116,0
DA:119,1
DA:127,2
DA:128,2
DA:129,1
DA:130,0
DA:134,1
DA:137,5
DA:138,1
DA:140,1
DA:141,1
DA:142,2
DA:151,5
DA:152,0
DA:153,0
DA:154,0
DA:155,0
DA:158,0
DA:168,0
DA:170,0
DA:175,5
DA:176,0
DA:177,0
DA:178,0
DA:179,0
DA:182,0
DA:192,0
DA:194,0
DA:199,5
DA:200,0
DA:201,0
DA:209,0
DA:210,0
DA:213,0
DA:214,0
DA:216,0
DA:217,0
DA:218,0
DA:219,0
DA:220,0
DA:224,0
DA:225,0
DA:228,0
DA:233,0
DA:238,5
DA:239,5
DA:240,5
DA:242,5
DA:243,0
DA:246,5
DA:247,5
DA:248,5
DA:249,0
DA:253,5
DA:261,5
DA:262,4
DA:265,1
DA:270,1
DA:272,1
DA:274,0
DA:279,5
DA:280,0
DA:281,0
DA:282,0
DA:283,0
DA:286,0
DA:287,0
DA:289,0
DA:290,0
DA:299,0
DA:301,0
DA:302,0
DA:304,0
DA:313,0
DA:314,0
DA:317,0
DA:322,0
DA:324,0
DA:326,0
DA:331,5
DA:332,0
DA:333,0
DA:334,0
DA:335,0
DA:338,0
DA:339,0
DA:340,0
DA:343,0
DA:344,0
DA:346,0
DA:348,0
DA:352,5
LF:156
LH:72
BRDA:22,0,0,4
BRDA:22,0,1,4
BRDA:23,1,0,4
BRDA:23,1,1,2
BRDA:25,2,0,4
BRDA:25,2,1,3
BRDA:30,3,0,5
BRDA:30,3,1,0
BRDA:35,4,0,0
BRDA:35,4,1,0
BRDA:39,5,0,0
BRDA:39,5,1,0
BRDA:43,6,0,0
BRDA:43,6,1,0
BRDA:52,7,0,0
BRDA:52,7,1,0
BRDA:56,8,0,0
BRDA:56,8,1,0
BRDA:58,9,0,0
BRDA:58,9,1,0
BRDA:61,10,0,0
BRDA:61,10,1,0
BRDA:71,11,0,0
BRDA:71,11,1,5
BRDA:71,12,0,5
BRDA:71,12,1,5
BRDA:71,12,2,5
BRDA:71,12,3,5
BRDA:76,13,0,0
BRDA:76,13,1,5
BRDA:80,14,0,1
BRDA:80,14,1,4
BRDA:84,15,0,1
BRDA:84,15,1,3
BRDA:88,16,0,1
BRDA:88,16,1,2
BRDA:88,17,0,3
BRDA:88,17,1,3
BRDA:96,18,0,2
BRDA:96,18,1,2
BRDA:98,19,0,1
BRDA:98,19,1,1
BRDA:102,20,0,1
BRDA:102,20,1,0
BRDA:102,21,0,1
BRDA:102,21,1,1
BRDA:110,22,0,0
BRDA:110,22,1,1
BRDA:115,23,0,0
BRDA:115,23,1,1
BRDA:125,24,0,1
BRDA:125,24,1,1
BRDA:128,25,0,2
BRDA:128,25,1,0
BRDA:129,26,0,0
BRDA:129,26,1,1
BRDA:140,27,0,1
BRDA:140,27,1,0
BRDA:140,28,0,1
BRDA:140,28,1,1
BRDA:154,29,0,0
BRDA:154,29,1,0
BRDA:178,30,0,0
BRDA:178,30,1,0
BRDA:209,31,0,0
BRDA:209,31,1,0
BRDA:216,32,0,0
BRDA:216,32,1,0
BRDA:218,33,0,0
BRDA:218,33,1,0
BRDA:218,34,0,0
BRDA:218,34,1,0
BRDA:219,35,0,0
BRDA:219,35,1,0
BRDA:224,36,0,0
BRDA:224,36,1,0
BRDA:224,37,0,0
BRDA:224,37,1,0
BRDA:230,38,0,0
BRDA:230,38,1,0
BRDA:240,39,0,0
BRDA:242,40,0,0
BRDA:242,40,1,5
BRDA:246,41,0,5
BRDA:246,41,1,0
BRDA:248,42,0,0
BRDA:248,42,1,5
BRDA:261,43,0,4
BRDA:261,43,1,1
BRDA:282,44,0,0
BRDA:282,44,1,0
BRDA:289,45,0,0
BRDA:289,45,1,0
BRDA:294,46,0,0
BRDA:295,47,0,0
BRDA:296,48,0,0
BRDA:297,49,0,0
BRDA:298,50,0,0
BRDA:302,51,0,0
BRDA:302,51,1,0
BRDA:313,52,0,0
BRDA:313,52,1,0
BRDA:334,53,0,0
BRDA:334,53,1,0
BRDA:339,54,0,0
BRDA:339,54,1,0
BRF:106
BRH:42
end_of_record
TN:
SF:src\routes\subscriptions.js
FN:12,(anonymous_0)
FN:24,(anonymous_1)
FN:29,(anonymous_2)
FN:34,(anonymous_3)
FN:58,(anonymous_4)
FN:103,(anonymous_5)
FN:132,(anonymous_6)
FN:158,(anonymous_7)
FN:205,(anonymous_8)
FN:254,(anonymous_9)
FNF:10
FNH:6
FNDA:2,(anonymous_0)
FNDA:0,(anonymous_1)
FNDA:2,(anonymous_2)
FNDA:1,(anonymous_3)
FNDA:2,(anonymous_4)
FNDA:0,(anonymous_5)
FNDA:0,(anonymous_6)
FNDA:2,(anonymous_7)
FNDA:1,(anonymous_8)
FNDA:0,(anonymous_9)
DA:1,5
DA:2,5
DA:3,5
DA:4,5
DA:6,5
DA:12,5
DA:13,2
DA:14,2
DA:15,2
DA:17,2
DA:18,0
DA:21,2
DA:24,5
DA:25,0
DA:26,0
DA:29,5
DA:30,2
DA:31,2
DA:34,5
DA:35,1
DA:36,1
DA:39,0
DA:40,0
DA:41,0
DA:44,0
DA:45,0
DA:46,0
DA:49,0
DA:50,0
DA:51,0
DA:52,0
DA:55,0
DA:58,5
DA:59,2
DA:64,2
DA:65,0
DA:68,2
DA:69,2
DA:70,2
DA:71,2
DA:73,2
DA:74,2
DA:75,1
DA:78,2
DA:83,2
DA:84,2
DA:85,2
DA:87,2
DA:88,0
DA:91,2
DA:93,2
DA:103,5
DA:104,0
DA:105,0
DA:111,0
DA:113,0
DA:114,0
DA:115,0
DA:116,0
DA:117,0
DA:118,0
DA:119,0
DA:120,0
DA:123,0
DA:124,0
DA:125,0
DA:127,0
DA:132,5
DA:133,0
DA:134,0
DA:135,0
DA:136,0
DA:139,0
DA:147,0
DA:148,0
DA:151,0
DA:153,0
DA:158,5
DA:159,2
DA:160,2
DA:162,2
DA:163,0
DA:166,2
DA:167,2
DA:168,2
DA:169,1
DA:173,1
DA:175,1
DA:188,1
DA:196,0
DA:197,0
DA:200,0
DA:205,5
DA:206,1
DA:207,1
DA:208,1
DA:209,0
DA:212,1
DA:213,1
DA:214,0
DA:217,1
DA:218,1
DA:219,1
DA:220,1
DA:221,1
DA:223,1
DA:238,1
DA:245,0
DA:246,0
DA:249,0
DA:254,5
DA:255,0
DA:256,0
DA:257,0
DA:258,0
DA:261,0
DA:262,0
DA:263,0
DA:266,0
DA:267,0
DA:269,0
DA:273,5
LF:122
LH:63
BRDA:17,0,0,0
BRDA:17,0,1,2
BRDA:26,1,0,0
BRDA:26,1,1,0
BRDA:31,2,0,2
BRDA:31,2,1,0
BRDA:35,3,0,1
BRDA:35,3,1,0
BRDA:40,4,0,0
BRDA:40,4,1,0
BRDA:44,5,0,0
BRDA:44,5,1,0
BRDA:49,6,0,0
BRDA:49,6,1,0
BRDA:64,7,0,0
BRDA:64,7,1,2
BRDA:73,8,0,2
BRDA:73,8,1,2
BRDA:74,9,0,1
BRDA:74,9,1,1
BRDA:74,10,0,2
BRDA:74,10,1,1
BRDA:83,11,0,2
BRDA:83,11,1,0
BRDA:84,12,0,1
BRDA:84,12,1,1
BRDA:85,13,0,2
BRDA:85,13,1,0
BRDA:87,14,0,0
BRDA:87,14,1,2
BRDA:98,15,0,0
BRDA:98,15,1,2
BRDA:98,16,0,2
BRDA:98,16,1,2
BRDA:113,17,0,0
BRDA:113,17,1,0
BRDA:117,18,0,0
BRDA:117,18,1,0
BRDA:135,19,0,0
BRDA:135,19,1,0
BRDA:147,20,0,0
BRDA:147,20,1,0
BRDA:162,21,0,0
BRDA:162,21,1,2
BRDA:166,22,0,2
BRDA:166,22,1,0
BRDA:168,23,0,1
BRDA:168,23,1,1
BRDA:183,24,0,1
BRDA:183,24,1,0
BRDA:196,25,0,0
BRDA:196,25,1,0
BRDA:196,26,0,0
BRDA:196,26,1,0
BRDA:208,27,0,0
BRDA:208,27,1,1
BRDA:213,28,0,0
BRDA:213,28,1,1
BRDA:218,29,0,1
BRDA:218,29,1,1
BRDA:219,30,0,1
BRDA:219,30,1,0
BRDA:220,31,0,1
BRDA:220,31,1,0
BRDA:232,32,0,1
BRDA:232,32,1,0
BRDA:233,33,0,1
BRDA:233,33,1,1
BRDA:245,34,0,0
BRDA:245,34,1,0
BRDA:245,35,0,0
BRDA:245,35,1,0
BRDA:257,36,0,0
BRDA:257,36,1,0
BRDA:262,37,0,0
BRDA:262,37,1,0
BRF:76
BRH:32
end_of_record
TN:
SF:src\routes\trainers.js
FN:7,(anonymous_0)
FN:12,(anonymous_1)
FN:26,(anonymous_2)
FN:40,(anonymous_3)
FN:60,(anonymous_4)
FN:79,(anonymous_5)
FN:101,(anonymous_6)
FN:147,(anonymous_7)
FNF:8
FNH:5
FNDA:2,(anonymous_0)
FNDA:2,(anonymous_1)
FNDA:0,(anonymous_2)
FNDA:0,(anonymous_3)
FNDA:0,(anonymous_4)
FNDA:1,(anonymous_5)
FNDA:2,(anonymous_6)
FNDA:1,(anonymous_7)
DA:1,5
DA:2,5
DA:3,5
DA:4,5
DA:5,5
DA:7,5
DA:8,2
DA:9,2
DA:12,5
DA:13,2
DA:14,0
DA:17,2
DA:18,2
DA:19,2
DA:22,0
DA:26,5
DA:27,0
DA:28,0
DA:33,0
DA:35,0
DA:40,5
DA:41,0
DA:42,0
DA:43,0
DA:44,0
DA:47,0
DA:53,0
DA:55,0
DA:60,5
DA:61,0
DA:62,0
DA:68,0
DA:69,0
DA:72,0
DA:74,0
DA:79,5
DA:80,1
DA:81,1
DA:82,1
DA:84,1
DA:89,1
DA:94,1
DA:96,0
DA:101,5
DA:102,2
DA:103,2
DA:104,2
DA:105,1
DA:108,1
DA:114,1
DA:115,0
DA:118,1
DA:119,1
DA:121,1
DA:131,1
DA:140,1
DA:142,0
DA:147,5
DA:148,1
DA:149,1
DA:150,1
DA:151,0
DA:154,1
DA:156,1
DA:157,1
DA:163,1
DA:164,1
DA:165,1
DA:166,1
DA:168,1
DA:170,0
DA:174,5
LF:72
LH:48
BRDA:9,0,0,2
BRDA:9,0,1,0
BRDA:13,1,0,0
BRDA:13,1,1,2
BRDA:17,2,0,2
BRDA:17,2,1,0
BRDA:43,3,0,0
BRDA:43,3,1,0
BRDA:68,4,0,0
BRDA:68,4,1,0
BRDA:91,5,0,1
BRDA:91,5,1,0
BRDA:91,6,0,1
BRDA:91,6,1,1
BRDA:104,7,0,1
BRDA:104,7,1,1
BRDA:114,8,0,0
BRDA:114,8,1,1
BRDA:124,9,0,1
BRDA:124,9,1,0
BRDA:125,10,0,1
BRDA:125,10,1,1
BRDA:126,11,0,1
BRDA:126,11,1,0
BRDA:134,12,0,1
BRDA:134,12,1,0
BRDA:135,13,0,1
BRDA:135,13,1,1
BRDA:150,14,0,0
BRDA:150,14,1,1
BRF:30
BRH:17
end_of_record
